# JRE version: Java(TM) SE Runtime Environment (8.0_152-b16) (build 1.8.0_152-b16)
# Java VM: Java HotSpot(TM) 64-Bit Server VM (25.152-b16 mixed mode bsd-amd64 compressed oops)
Heap:
 PSYoungGen      total 1268224K, used 26952K [0x000000076ab00000, 0x00000007c0000000, 0x00000007c0000000)
  eden space 1137152K, 0% used [0x000000076ab00000,0x000000076b54a788,0x00000007b0180000)
  from space 131072K, 12% used [0x00000007b8000000,0x00000007b9007b88,0x00000007c0000000)
  to   space 129536K, 0% used [0x00000007b0180000,0x00000007b0180000,0x00000007b8000000)
 ParOldGen       total 602112K, used 373985K [0x00000006c0000000, 0x00000006e4c00000, 0x000000076ab00000)
  object space 602112K, 62% used [0x00000006c0000000,0x00000006d6d387a8,0x00000006e4c00000)
 Metaspace       used 33983K, capacity 34721K, committed 34988K, reserved 1079296K
  class space    used 4514K, capacity 4711K, committed 4780K, reserved 1048576K
GC Heap History (10 events):
Event: 19.613 GC heap before
{Heap before GC invocations=16 (full 3):
 PSYoungGen      total 992256K, used 881152K [0x000000076ab00000, 0x00000007ae580000, 0x00000007c0000000)
  eden space 881152K, 100% used [0x000000076ab00000,0x00000007a0780000,0x00000007a0780000)
  from space 111104K, 0% used [0x00000007a7600000,0x00000007a7600000,0x00000007ae280000)
  to   space 113152K, 0% used [0x00000007a0780000,0x00000007a0780000,0x00000007a7600000)
 ParOldGen       total 547328K, used 346573K [0x00000006c0000000, 0x00000006e1680000, 0x000000076ab00000)
  object space 547328K, 63% used [0x00000006c0000000,0x00000006d52737f8,0x00000006e1680000)
 Metaspace       used 24823K, capacity 25207K, committed 25644K, reserved 1071104K
  class space    used 3461K, capacity 3572K, committed 3628K, reserved 1048576K
Event: 19.653 GC heap after
Heap after GC invocations=16 (full 3):
 PSYoungGen      total 994304K, used 71190K [0x000000076ab00000, 0x00000007c0000000, 0x00000007c0000000)
  eden space 881152K, 0% used [0x000000076ab00000,0x000000076ab00000,0x00000007a0780000)
  from space 113152K, 62% used [0x00000007a0780000,0x00000007a4d05aa8,0x00000007a7600000)
  to   space 116224K, 0% used [0x00000007b8e80000,0x00000007b8e80000,0x00000007c0000000)
 ParOldGen       total 547328K, used 346581K [0x00000006c0000000, 0x00000006e1680000, 0x000000076ab00000)
  object space 547328K, 63% used [0x00000006c0000000,0x00000006d52757f8,0x00000006e1680000)
 Metaspace       used 24823K, capacity 25207K, committed 25644K, reserved 1071104K
  class space    used 3461K, capacity 3572K, committed 3628K, reserved 1048576K
}
Event: 21.223 GC heap before
{Heap before GC invocations=17 (full 3):
 PSYoungGen      total 994304K, used 952342K [0x000000076ab00000, 0x00000007c0000000, 0x00000007c0000000)
  eden space 881152K, 100% used [0x000000076ab00000,0x00000007a0780000,0x00000007a0780000)
  from space 113152K, 62% used [0x00000007a0780000,0x00000007a4d05aa8,0x00000007a7600000)
  to   space 116224K, 0% used [0x00000007b8e80000,0x00000007b8e80000,0x00000007c0000000)
 ParOldGen       total 547328K, used 346581K [0x00000006c0000000, 0x00000006e1680000, 0x000000076ab00000)
  object space 547328K, 63% used [0x00000006c0000000,0x00000006d52757f8,0x00000006e1680000)
 Metaspace       used 24848K, capacity 25271K, committed 25644K, reserved 1071104K
  class space    used 3461K, capacity 3572K, committed 3628K, reserved 1048576K
Event: 21.274 GC heap after
Heap after GC invocations=17 (full 3):
 PSYoungGen      total 1277440K, used 70647K [0x000000076ab00000, 0x00000007c0000000, 0x00000007c0000000)
  eden space 1161216K, 0% used [0x000000076ab00000,0x000000076ab00000,0x00000007b1900000)
  from space 116224K, 60% used [0x00000007b8e80000,0x00000007bd37ded8,0x00000007c0000000)
  to   space 118272K, 0% used [0x00000007b1900000,0x00000007b1900000,0x00000007b8c80000)
 ParOldGen       total 547328K, used 415363K [0x00000006c0000000, 0x00000006e1680000, 0x000000076ab00000)
  object space 547328K, 75% used [0x00000006c0000000,0x00000006d95a0d10,0x00000006e1680000)
 Metaspace       used 24848K, capacity 25271K, committed 25644K, reserved 1071104K
  class space    used 3461K, capacity 3572K, committed 3628K, reserved 1048576K
}
Event: 58609.075 GC heap before
{Heap before GC invocations=18 (full 3):
 PSYoungGen      total 1277440K, used 1231863K [0x000000076ab00000, 0x00000007c0000000, 0x00000007c0000000)
  eden space 1161216K, 100% used [0x000000076ab00000,0x00000007b1900000,0x00000007b1900000)
  from space 116224K, 60% used [0x00000007b8e80000,0x00000007bd37ded8,0x00000007c0000000)
  to   space 118272K, 0% used [0x00000007b1900000,0x00000007b1900000,0x00000007b8c80000)
 ParOldGen       total 547328K, used 415363K [0x00000006c0000000, 0x00000006e1680000, 0x000000076ab00000)
  object space 547328K, 75% used [0x00000006c0000000,0x00000006d95a0d10,0x00000006e1680000)
 Metaspace       used 29911K, capacity 30413K, committed 30636K, reserved 1075200K
  class space    used 4074K, capacity 4221K, committed 4268K, reserved 1048576K
Event: 58610.581 GC heap after
Heap after GC invocations=18 (full 3):
 PSYoungGen      total 1263616K, used 101901K [0x000000076ab00000, 0x00000007c0000000, 0x00000007c0000000)
  eden space 1161216K, 0% used [0x000000076ab00000,0x000000076ab00000,0x00000007b1900000)
  from space 102400K, 99% used [0x00000007b1900000,0x00000007b7c83680,0x00000007b7d00000)
  to   space 131072K, 0% used [0x00000007b8000000,0x00000007b8000000,0x00000007c0000000)
 ParOldGen       total 547328K, used 483975K [0x00000006c0000000, 0x00000006e1680000, 0x000000076ab00000)
  object space 547328K, 88% used [0x00000006c0000000,0x00000006dd8a1f58,0x00000006e1680000)
 Metaspace       used 29911K, capacity 30413K, committed 30636K, reserved 1075200K
  class space    used 4074K, capacity 4221K, committed 4268K, reserved 1048576K
}
Event: 58610.582 GC heap before
{Heap before GC invocations=19 (full 4):
 PSYoungGen      total 1263616K, used 101901K [0x000000076ab00000, 0x00000007c0000000, 0x00000007c0000000)
  eden space 1161216K, 0% used [0x000000076ab00000,0x000000076ab00000,0x00000007b1900000)
  from space 102400K, 99% used [0x00000007b1900000,0x00000007b7c83680,0x00000007b7d00000)
  to   space 131072K, 0% used [0x00000007b8000000,0x00000007b8000000,0x00000007c0000000)
 ParOldGen       total 547328K, used 483975K [0x00000006c0000000, 0x00000006e1680000, 0x000000076ab00000)
  object space 547328K, 88% used [0x00000006c0000000,0x00000006dd8a1f58,0x00000006e1680000)
 Metaspace       used 29911K, capacity 30413K, committed 30636K, reserved 1075200K
  class space    used 4074K, capacity 4221K, committed 4268K, reserved 1048576K
Event: 58612.613 GC heap after
Heap after GC invocations=19 (full 4):
 PSYoungGen      total 1263616K, used 0K [0x000000076ab00000, 0x00000007c0000000, 0x00000007c0000000)
  eden space 1161216K, 0% used [0x000000076ab00000,0x000000076ab00000,0x00000007b1900000)
  from space 102400K, 0% used [0x00000007b1900000,0x00000007b1900000,0x00000007b7d00000)
  to   space 131072K, 0% used [0x00000007b8000000,0x00000007b8000000,0x00000007c0000000)
 ParOldGen       total 602112K, used 373969K [0x00000006c0000000, 0x00000006e4c00000, 0x000000076ab00000)
  object space 602112K, 62% used [0x00000006c0000000,0x00000006d6d347a8,0x00000006e4c00000)
 Metaspace       used 29875K, capacity 30359K, committed 30636K, reserved 1075200K
  class space    used 4067K, capacity 4208K, committed 4268K, reserved 1048576K
}
Event: 256945.912 GC heap before
{Heap before GC invocations=20 (full 4):
 PSYoungGen      total 1263616K, used 1161216K [0x000000076ab00000, 0x00000007c0000000, 0x00000007c0000000)
  eden space 1161216K, 100% used [0x000000076ab00000,0x00000007b1900000,0x00000007b1900000)
  from space 102400K, 0% used [0x00000007b1900000,0x00000007b1900000,0x00000007b7d00000)
  to   space 131072K, 0% used [0x00000007b8000000,0x00000007b8000000,0x00000007c0000000)
 ParOldGen       total 602112K, used 373969K [0x00000006c0000000, 0x00000006e4c00000, 0x000000076ab00000)
  object space 602112K, 62% used [0x00000006c0000000,0x00000006d6d347a8,0x00000006e4c00000)
 Metaspace       used 33983K, capacity 34721K, committed 34988K, reserved 1079296K
  class space    used 4514K, capacity 4711K, committed 4780K, reserved 1048576K
Event: 256945.947 GC heap after
Heap after GC invocations=20 (full 4):
 PSYoungGen      total 1268224K, used 16414K [0x000000076ab00000, 0x00000007c0000000, 0x00000007c0000000)
  eden space 1137152K, 0% used [0x000000076ab00000,0x000000076ab00000,0x00000007b0180000)
  from space 131072K, 12% used [0x00000007b8000000,0x00000007b9007b88,0x00000007c0000000)
  to   space 129536K, 0% used [0x00000007b0180000,0x00000007b0180000,0x00000007b8000000)
 ParOldGen       total 602112K, used 373985K [0x00000006c0000000, 0x00000006e4c00000, 0x000000076ab00000)
  object space 602112K, 62% used [0x00000006c0000000,0x00000006d6d387a8,0x00000006e4c00000)
 Metaspace       used 33983K, capacity 34721K, committed 34988K, reserved 1079296K
  class space    used 4514K, capacity 4711K, committed 4780K, reserved 1048576K
}

