# JRE version: Java(TM) SE Runtime Environment (8.0_152-b16) (build 1.8.0_152-b16)
# Java VM: Java HotSpot(TM) 64-Bit Server VM (25.152-b16 mixed mode bsd-amd64 compressed oops)
Heap:
 PSYoungGen      total 1287168K, used 7957K [0x000000076ab00000, 0x00000007c0000000, 0x00000007c0000000)
  eden space 1223168K, 0% used [0x000000076ab00000,0x000000076b2c54a8,0x00000007b5580000)
  from space 64000K, 0% used [0x00000007bc180000,0x00000007bc180000,0x00000007c0000000)
  to   space 75264K, 0% used [0x00000007b6d00000,0x00000007b6d00000,0x00000007bb680000)
 ParOldGen       total 487424K, used 78826K [0x00000006c0000000, 0x00000006ddc00000, 0x000000076ab00000)
  object space 487424K, 16% used [0x00000006c0000000,0x00000006c4cfa840,0x00000006ddc00000)
 Metaspace       used 31583K, capacity 32105K, committed 32640K, reserved 1077248K
  class space    used 4234K, capacity 4377K, committed 4480K, reserved 1048576K
GC Heap History (10 events):
Event: 994.519 GC heap before
{Heap before GC invocations=214 (full 7):
 PSYoungGen      total 1342976K, used 1315141K [0x000000076ab00000, 0x00000007bfa00000, 0x00000007c0000000)
  eden space 1292800K, 100% used [0x000000076ab00000,0x00000007b9980000,0x00000007b9980000)
  from space 50176K, 44% used [0x00000007bc880000,0x00000007bde51460,0x00000007bf980000)
  to   space 48128K, 0% used [0x00000007b9980000,0x00000007b9980000,0x00000007bc880000)
 ParOldGen       total 554496K, used 466963K [0x00000006c0000000, 0x00000006e1d80000, 0x000000076ab00000)
  object space 554496K, 84% used [0x00000006c0000000,0x00000006dc804d88,0x00000006e1d80000)
 Metaspace       used 31137K, capacity 31701K, committed 32000K, reserved 1077248K
  class space    used 4182K, capacity 4323K, committed 4352K, reserved 1048576K
Event: 994.528 GC heap after
Heap after GC invocations=214 (full 7):
 PSYoungGen      total 1340928K, used 22583K [0x000000076ab00000, 0x00000007bf900000, 0x00000007c0000000)
  eden space 1292800K, 0% used [0x000000076ab00000,0x000000076ab00000,0x00000007b9980000)
  from space 48128K, 46% used [0x00000007b9980000,0x00000007baf8df38,0x00000007bc880000)
  to   space 45568K, 0% used [0x00000007bcc80000,0x00000007bcc80000,0x00000007bf900000)
 ParOldGen       total 554496K, used 466963K [0x00000006c0000000, 0x00000006e1d80000, 0x000000076ab00000)
  object space 554496K, 84% used [0x00000006c0000000,0x00000006dc804d88,0x00000006e1d80000)
 Metaspace       used 31137K, capacity 31701K, committed 32000K, reserved 1077248K
  class space    used 4182K, capacity 4323K, committed 4352K, reserved 1048576K
}
Event: 1009.721 GC heap before
{Heap before GC invocations=215 (full 7):
 PSYoungGen      total 1340928K, used 1315383K [0x000000076ab00000, 0x00000007bf900000, 0x00000007c0000000)
  eden space 1292800K, 100% used [0x000000076ab00000,0x00000007b9980000,0x00000007b9980000)
  from space 48128K, 46% used [0x00000007b9980000,0x00000007baf8df38,0x00000007bc880000)
  to   space 45568K, 0% used [0x00000007bcc80000,0x00000007bcc80000,0x00000007bf900000)
 ParOldGen       total 554496K, used 466963K [0x00000006c0000000, 0x00000006e1d80000, 0x000000076ab00000)
  object space 554496K, 84% used [0x00000006c0000000,0x00000006dc804d88,0x00000006e1d80000)
 Metaspace       used 31152K, capacity 31701K, committed 32000K, reserved 1077248K
  class space    used 4182K, capacity 4323K, committed 4352K, reserved 1048576K
Event: 1009.748 GC heap after
Heap after GC invocations=215 (full 7):
 PSYoungGen      total 1320448K, used 45536K [0x000000076ab00000, 0x00000007c0000000, 0x00000007c0000000)
  eden space 1274880K, 0% used [0x000000076ab00000,0x000000076ab00000,0x00000007b8800000)
  from space 45568K, 99% used [0x00000007bcc80000,0x00000007bf8f83a0,0x00000007bf900000)
  to   space 61440K, 0% used [0x00000007b8800000,0x00000007b8800000,0x00000007bc400000)
 ParOldGen       total 554496K, used 493651K [0x00000006c0000000, 0x00000006e1d80000, 0x000000076ab00000)
  object space 554496K, 89% used [0x00000006c0000000,0x00000006de214d88,0x00000006e1d80000)
 Metaspace       used 31152K, capacity 31701K, committed 32000K, reserved 1077248K
  class space    used 4182K, capacity 4323K, committed 4352K, reserved 1048576K
}
Event: 1111.165 GC heap before
{Heap before GC invocations=216 (full 7):
 PSYoungGen      total 1320448K, used 1320416K [0x000000076ab00000, 0x00000007c0000000, 0x00000007c0000000)
  eden space 1274880K, 100% used [0x000000076ab00000,0x00000007b8800000,0x00000007b8800000)
  from space 45568K, 99% used [0x00000007bcc80000,0x00000007bf8f83a0,0x00000007bf900000)
  to   space 61440K, 0% used [0x00000007b8800000,0x00000007b8800000,0x00000007bc400000)
 ParOldGen       total 554496K, used 493651K [0x00000006c0000000, 0x00000006e1d80000, 0x000000076ab00000)
  object space 554496K, 89% used [0x00000006c0000000,0x00000006de214d88,0x00000006e1d80000)
 Metaspace       used 31218K, capacity 31765K, committed 32000K, reserved 1077248K
  class space    used 4182K, capacity 4323K, committed 4352K, reserved 1048576K
Event: 1111.209 GC heap after
Heap after GC invocations=216 (full 7):
 PSYoungGen      total 1318400K, used 43232K [0x000000076ab00000, 0x00000007c0000000, 0x00000007c0000000)
  eden space 1274880K, 0% used [0x000000076ab00000,0x000000076ab00000,0x00000007b8800000)
  from space 43520K, 99% used [0x00000007b8800000,0x00000007bb2382e0,0x00000007bb280000)
  to   space 64000K, 0% used [0x00000007bc180000,0x00000007bc180000,0x00000007c0000000)
 ParOldGen       total 554496K, used 509676K [0x00000006c0000000, 0x00000006e1d80000, 0x000000076ab00000)
  object space 554496K, 91% used [0x00000006c0000000,0x00000006df1bb210,0x00000006e1d80000)
 Metaspace       used 31218K, capacity 31765K, committed 32000K, reserved 1077248K
  class space    used 4182K, capacity 4323K, committed 4352K, reserved 1048576K
}
Event: 14434.513 GC heap before
{Heap before GC invocations=217 (full 7):
 PSYoungGen      total 1318400K, used 1318112K [0x000000076ab00000, 0x00000007c0000000, 0x00000007c0000000)
  eden space 1274880K, 100% used [0x000000076ab00000,0x00000007b8800000,0x00000007b8800000)
  from space 43520K, 99% used [0x00000007b8800000,0x00000007bb2382e0,0x00000007bb280000)
  to   space 64000K, 0% used [0x00000007bc180000,0x00000007bc180000,0x00000007c0000000)
 ParOldGen       total 554496K, used 509676K [0x00000006c0000000, 0x00000006e1d80000, 0x000000076ab00000)
  object space 554496K, 91% used [0x00000006c0000000,0x00000006df1bb210,0x00000006e1d80000)
 Metaspace       used 31617K, capacity 32159K, committed 32640K, reserved 1077248K
  class space    used 4241K, capacity 4390K, committed 4480K, reserved 1048576K
Event: 14434.906 GC heap after
Heap after GC invocations=217 (full 7):
 PSYoungGen      total 1287168K, used 63999K [0x000000076ab00000, 0x00000007c0000000, 0x00000007c0000000)
  eden space 1223168K, 0% used [0x000000076ab00000,0x000000076ab00000,0x00000007b5580000)
  from space 64000K, 99% used [0x00000007bc180000,0x00000007bfffffe8,0x00000007c0000000)
  to   space 75264K, 0% used [0x00000007b6d00000,0x00000007b6d00000,0x00000007bb680000)
 ParOldGen       total 554496K, used 516040K [0x00000006c0000000, 0x00000006e1d80000, 0x000000076ab00000)
  object space 554496K, 93% used [0x00000006c0000000,0x00000006df7f2390,0x00000006e1d80000)
 Metaspace       used 31617K, capacity 32159K, committed 32640K, reserved 1077248K
  class space    used 4241K, capacity 4390K, committed 4480K, reserved 1048576K
}
Event: 14434.907 GC heap before
{Heap before GC invocations=218 (full 8):
 PSYoungGen      total 1287168K, used 63999K [0x000000076ab00000, 0x00000007c0000000, 0x00000007c0000000)
  eden space 1223168K, 0% used [0x000000076ab00000,0x000000076ab00000,0x00000007b5580000)
  from space 64000K, 99% used [0x00000007bc180000,0x00000007bfffffe8,0x00000007c0000000)
  to   space 75264K, 0% used [0x00000007b6d00000,0x00000007b6d00000,0x00000007bb680000)
 ParOldGen       total 554496K, used 516040K [0x00000006c0000000, 0x00000006e1d80000, 0x000000076ab00000)
  object space 554496K, 93% used [0x00000006c0000000,0x00000006df7f2390,0x00000006e1d80000)
 Metaspace       used 31617K, capacity 32159K, committed 32640K, reserved 1077248K
  class space    used 4241K, capacity 4390K, committed 4480K, reserved 1048576K
Event: 14435.123 GC heap after
Heap after GC invocations=218 (full 8):
 PSYoungGen      total 1287168K, used 0K [0x000000076ab00000, 0x00000007c0000000, 0x00000007c0000000)
  eden space 1223168K, 0% used [0x000000076ab00000,0x000000076ab00000,0x00000007b5580000)
  from space 64000K, 0% used [0x00000007bc180000,0x00000007bc180000,0x00000007c0000000)
  to   space 75264K, 0% used [0x00000007b6d00000,0x00000007b6d00000,0x00000007bb680000)
 ParOldGen       total 487424K, used 78826K [0x00000006c0000000, 0x00000006ddc00000, 0x000000076ab00000)
  object space 487424K, 16% used [0x00000006c0000000,0x00000006c4cfa840,0x00000006ddc00000)
 Metaspace       used 31582K, capacity 32105K, committed 32640K, reserved 1077248K
  class space    used 4234K, capacity 4377K, committed 4480K, reserved 1048576K
}

