# JRE version: Java(TM) SE Runtime Environment (8.0_152-b16) (build 1.8.0_152-b16)
# Java VM: Java HotSpot(TM) 64-Bit Server VM (25.152-b16 mixed mode bsd-amd64 compressed oops)
Heap:
 PSYoungGen      total 38400K, used 1661K [0x000000076ab00000, 0x000000076dc00000, 0x00000007c0000000)
  eden space 26624K, 6% used [0x000000076ab00000,0x000000076ac9f488,0x000000076c500000)
  from space 11776K, 0% used [0x000000076c500000,0x000000076c500000,0x000000076d080000)
  to   space 11776K, 0% used [0x000000076d080000,0x000000076d080000,0x000000076dc00000)
 ParOldGen       total 114176K, used 42363K [0x00000006c0000000, 0x00000006c6f80000, 0x000000076ab00000)
  object space 114176K, 37% used [0x00000006c0000000,0x00000006c295efa0,0x00000006c6f80000)
 Metaspace       used 30668K, capacity 31143K, committed 31488K, reserved 1077248K
  class space    used 4186K, capacity 4304K, committed 4352K, reserved 1048576K
GC Heap History (10 events):
Event: 6042.592 GC heap before
{Heap before GC invocations=518 (full 4):
 PSYoungGen      total 37888K, used 37437K [0x000000076ab00000, 0x000000076d900000, 0x00000007c0000000)
  eden space 28672K, 100% used [0x000000076ab00000,0x000000076c700000,0x000000076c700000)
  from space 9216K, 95% used [0x000000076c700000,0x000000076cf8f570,0x000000076d000000)
  to   space 9216K, 0% used [0x000000076d000000,0x000000076d000000,0x000000076d900000)
 ParOldGen       total 113664K, used 88310K [0x00000006c0000000, 0x00000006c6f00000, 0x000000076ab00000)
  object space 113664K, 77% used [0x00000006c0000000,0x00000006c563d930,0x00000006c6f00000)
 Metaspace       used 30628K, capacity 31127K, committed 31488K, reserved 1077248K
  class space    used 4187K, capacity 4316K, committed 4352K, reserved 1048576K
Event: 6042.598 GC heap after
Heap after GC invocations=518 (full 4):
 PSYoungGen      total 37888K, used 8507K [0x000000076ab00000, 0x000000076d900000, 0x00000007c0000000)
  eden space 28672K, 0% used [0x000000076ab00000,0x000000076ab00000,0x000000076c700000)
  from space 9216K, 92% used [0x000000076d000000,0x000000076d84ee00,0x000000076d900000)
  to   space 9216K, 0% used [0x000000076c700000,0x000000076c700000,0x000000076d000000)
 ParOldGen       total 113664K, used 88326K [0x00000006c0000000, 0x00000006c6f00000, 0x000000076ab00000)
  object space 113664K, 77% used [0x00000006c0000000,0x00000006c5641930,0x00000006c6f00000)
 Metaspace       used 30628K, capacity 31127K, committed 31488K, reserved 1077248K
  class space    used 4187K, capacity 4316K, committed 4352K, reserved 1048576K
}
Event: 6048.629 GC heap before
{Heap before GC invocations=519 (full 4):
 PSYoungGen      total 37888K, used 37179K [0x000000076ab00000, 0x000000076d900000, 0x00000007c0000000)
  eden space 28672K, 100% used [0x000000076ab00000,0x000000076c700000,0x000000076c700000)
  from space 9216K, 92% used [0x000000076d000000,0x000000076d84ee00,0x000000076d900000)
  to   space 9216K, 0% used [0x000000076c700000,0x000000076c700000,0x000000076d000000)
 ParOldGen       total 113664K, used 88326K [0x00000006c0000000, 0x00000006c6f00000, 0x000000076ab00000)
  object space 113664K, 77% used [0x00000006c0000000,0x00000006c5641930,0x00000006c6f00000)
 Metaspace       used 30628K, capacity 31127K, committed 31488K, reserved 1077248K
  class space    used 4187K, capacity 4316K, committed 4352K, reserved 1048576K
Event: 6048.634 GC heap after
Heap after GC invocations=519 (full 4):
 PSYoungGen      total 37888K, used 8679K [0x000000076ab00000, 0x000000076da00000, 0x00000007c0000000)
  eden space 28672K, 0% used [0x000000076ab00000,0x000000076ab00000,0x000000076c700000)
  from space 9216K, 94% used [0x000000076c700000,0x000000076cf79da0,0x000000076d000000)
  to   space 9728K, 0% used [0x000000076d080000,0x000000076d080000,0x000000076da00000)
 ParOldGen       total 113664K, used 88350K [0x00000006c0000000, 0x00000006c6f00000, 0x000000076ab00000)
  object space 113664K, 77% used [0x00000006c0000000,0x00000006c5647930,0x00000006c6f00000)
 Metaspace       used 30628K, capacity 31127K, committed 31488K, reserved 1077248K
  class space    used 4187K, capacity 4316K, committed 4352K, reserved 1048576K
}
Event: 6057.119 GC heap before
{Heap before GC invocations=520 (full 4):
 PSYoungGen      total 37888K, used 37084K [0x000000076ab00000, 0x000000076da00000, 0x00000007c0000000)
  eden space 28672K, 99% used [0x000000076ab00000,0x000000076c6bd568,0x000000076c700000)
  from space 9216K, 94% used [0x000000076c700000,0x000000076cf79da0,0x000000076d000000)
  to   space 9728K, 0% used [0x000000076d080000,0x000000076d080000,0x000000076da00000)
 ParOldGen       total 113664K, used 88350K [0x00000006c0000000, 0x00000006c6f00000, 0x000000076ab00000)
  object space 113664K, 77% used [0x00000006c0000000,0x00000006c5647930,0x00000006c6f00000)
 Metaspace       used 30694K, capacity 31197K, committed 31488K, reserved 1077248K
  class space    used 4193K, capacity 4317K, committed 4352K, reserved 1048576K
Event: 6057.145 GC heap after
Heap after GC invocations=520 (full 4):
 PSYoungGen      total 36352K, used 9721K [0x000000076ab00000, 0x000000076de00000, 0x00000007c0000000)
  eden space 26624K, 0% used [0x000000076ab00000,0x000000076ab00000,0x000000076c500000)
  from space 9728K, 99% used [0x000000076d080000,0x000000076d9fe740,0x000000076da00000)
  to   space 11776K, 0% used [0x000000076c500000,0x000000076c500000,0x000000076d080000)
 ParOldGen       total 113664K, used 94079K [0x00000006c0000000, 0x00000006c6f00000, 0x000000076ab00000)
  object space 113664K, 82% used [0x00000006c0000000,0x00000006c5bdfcd0,0x00000006c6f00000)
 Metaspace       used 30694K, capacity 31197K, committed 31488K, reserved 1077248K
  class space    used 4193K, capacity 4317K, committed 4352K, reserved 1048576K
}
Event: 6058.877 GC heap before
{Heap before GC invocations=521 (full 4):
 PSYoungGen      total 36352K, used 36345K [0x000000076ab00000, 0x000000076de00000, 0x00000007c0000000)
  eden space 26624K, 100% used [0x000000076ab00000,0x000000076c500000,0x000000076c500000)
  from space 9728K, 99% used [0x000000076d080000,0x000000076d9fe740,0x000000076da00000)
  to   space 11776K, 0% used [0x000000076c500000,0x000000076c500000,0x000000076d080000)
 ParOldGen       total 113664K, used 94079K [0x00000006c0000000, 0x00000006c6f00000, 0x000000076ab00000)
  object space 113664K, 82% used [0x00000006c0000000,0x00000006c5bdfcd0,0x00000006c6f00000)
 Metaspace       used 30700K, capacity 31197K, committed 31488K, reserved 1077248K
  class space    used 4193K, capacity 4317K, committed 4352K, reserved 1048576K
Event: 6058.901 GC heap after
Heap after GC invocations=521 (full 4):
 PSYoungGen      total 38400K, used 8356K [0x000000076ab00000, 0x000000076dc00000, 0x00000007c0000000)
  eden space 26624K, 0% used [0x000000076ab00000,0x000000076ab00000,0x000000076c500000)
  from space 11776K, 70% used [0x000000076c500000,0x000000076cd292a0,0x000000076d080000)
  to   space 11776K, 0% used [0x000000076d080000,0x000000076d080000,0x000000076dc00000)
 ParOldGen       total 113664K, used 110530K [0x00000006c0000000, 0x00000006c6f00000, 0x000000076ab00000)
  object space 113664K, 97% used [0x00000006c0000000,0x00000006c6bf0980,0x00000006c6f00000)
 Metaspace       used 30700K, capacity 31197K, committed 31488K, reserved 1077248K
  class space    used 4193K, capacity 4317K, committed 4352K, reserved 1048576K
}
Event: 6058.901 GC heap before
{Heap before GC invocations=522 (full 5):
 PSYoungGen      total 38400K, used 8356K [0x000000076ab00000, 0x000000076dc00000, 0x00000007c0000000)
  eden space 26624K, 0% used [0x000000076ab00000,0x000000076ab00000,0x000000076c500000)
  from space 11776K, 70% used [0x000000076c500000,0x000000076cd292a0,0x000000076d080000)
  to   space 11776K, 0% used [0x000000076d080000,0x000000076d080000,0x000000076dc00000)
 ParOldGen       total 113664K, used 110530K [0x00000006c0000000, 0x00000006c6f00000, 0x000000076ab00000)
  object space 113664K, 97% used [0x00000006c0000000,0x00000006c6bf0980,0x00000006c6f00000)
 Metaspace       used 30700K, capacity 31197K, committed 31488K, reserved 1077248K
  class space    used 4193K, capacity 4317K, committed 4352K, reserved 1048576K
Event: 6058.985 GC heap after
Heap after GC invocations=522 (full 5):
 PSYoungGen      total 38400K, used 0K [0x000000076ab00000, 0x000000076dc00000, 0x00000007c0000000)
  eden space 26624K, 0% used [0x000000076ab00000,0x000000076ab00000,0x000000076c500000)
  from space 11776K, 0% used [0x000000076c500000,0x000000076c500000,0x000000076d080000)
  to   space 11776K, 0% used [0x000000076d080000,0x000000076d080000,0x000000076dc00000)
 ParOldGen       total 114176K, used 42363K [0x00000006c0000000, 0x00000006c6f80000, 0x000000076ab00000)
  object space 114176K, 37% used [0x00000006c0000000,0x00000006c295efa0,0x00000006c6f80000)
 Metaspace       used 30665K, capacity 31143K, committed 31488K, reserved 1077248K
  class space    used 4186K, capacity 4304K, committed 4352K, reserved 1048576K
}

