# JRE version: Java(TM) SE Runtime Environment (8.0_152-b16) (build 1.8.0_152-b16)
# Java VM: Java HotSpot(TM) 64-Bit Server VM (25.152-b16 mixed mode bsd-amd64 compressed oops)
Heap:
 PSYoungGen      total 287744K, used 5524K [0x000000076ab00000, 0x0000000784c00000, 0x00000007c0000000)
  eden space 283136K, 1% used [0x000000076ab00000,0x000000076b065378,0x000000077bf80000)
  from space 4608K, 0% used [0x0000000783a00000,0x0000000783a00000,0x0000000783e80000)
  to   space 10752K, 0% used [0x0000000784180000,0x0000000784180000,0x0000000784c00000)
 ParOldGen       total 154112K, used 76893K [0x00000006c0000000, 0x00000006c9680000, 0x000000076ab00000)
  object space 154112K, 49% used [0x00000006c0000000,0x00000006c4b175d0,0x00000006c9680000)
 Metaspace       used 29621K, capacity 30115K, committed 30336K, reserved 1075200K
  class space    used 4070K, capacity 4216K, committed 4224K, reserved 1048576K
GC Heap History (10 events):
Event: 116.054 GC heap before
{Heap before GC invocations=51 (full 3):
 PSYoungGen      total 337408K, used 337248K [0x000000076ab00000, 0x0000000786300000, 0x00000007c0000000)
  eden space 333312K, 100% used [0x000000076ab00000,0x000000077f080000,0x000000077f080000)
  from space 4096K, 96% used [0x0000000784c80000,0x0000000785058000,0x0000000785080000)
  to   space 12800K, 0% used [0x0000000785680000,0x0000000785680000,0x0000000786300000)
 ParOldGen       total 138240K, used 115739K [0x00000006c0000000, 0x00000006c8700000, 0x000000076ab00000)
  object space 138240K, 83% used [0x00000006c0000000,0x00000006c7106e48,0x00000006c8700000)
 Metaspace       used 29618K, capacity 30115K, committed 30336K, reserved 1075200K
  class space    used 4070K, capacity 4216K, committed 4224K, reserved 1048576K
Event: 116.059 GC heap after
Heap after GC invocations=51 (full 3):
 PSYoungGen      total 325632K, used 5248K [0x000000076ab00000, 0x0000000785c00000, 0x00000007c0000000)
  eden space 320000K, 0% used [0x000000076ab00000,0x000000076ab00000,0x000000077e380000)
  from space 5632K, 93% used [0x0000000785680000,0x0000000785ba0000,0x0000000785c00000)
  to   space 12288K, 0% used [0x0000000784400000,0x0000000784400000,0x0000000785000000)
 ParOldGen       total 138240K, used 118848K [0x00000006c0000000, 0x00000006c8700000, 0x000000076ab00000)
  object space 138240K, 85% used [0x00000006c0000000,0x00000006c74101a0,0x00000006c8700000)
 Metaspace       used 29618K, capacity 30115K, committed 30336K, reserved 1075200K
  class space    used 4070K, capacity 4216K, committed 4224K, reserved 1048576K
}
Event: 117.226 GC heap before
{Heap before GC invocations=52 (full 3):
 PSYoungGen      total 325632K, used 325248K [0x000000076ab00000, 0x0000000785c00000, 0x00000007c0000000)
  eden space 320000K, 100% used [0x000000076ab00000,0x000000077e380000,0x000000077e380000)
  from space 5632K, 93% used [0x0000000785680000,0x0000000785ba0000,0x0000000785c00000)
  to   space 12288K, 0% used [0x0000000784400000,0x0000000784400000,0x0000000785000000)
 ParOldGen       total 138240K, used 118848K [0x00000006c0000000, 0x00000006c8700000, 0x000000076ab00000)
  object space 138240K, 85% used [0x00000006c0000000,0x00000006c74101a0,0x00000006c8700000)
 Metaspace       used 29619K, capacity 30115K, committed 30336K, reserved 1075200K
  class space    used 4070K, capacity 4216K, committed 4224K, reserved 1048576K
Event: 117.231 GC heap after
Heap after GC invocations=52 (full 3):
 PSYoungGen      total 311808K, used 4512K [0x000000076ab00000, 0x0000000785700000, 0x00000007c0000000)
  eden space 307200K, 0% used [0x000000076ab00000,0x000000076ab00000,0x000000077d700000)
  from space 4608K, 97% used [0x0000000784400000,0x0000000784868000,0x0000000784880000)
  to   space 11776K, 0% used [0x0000000784b80000,0x0000000784b80000,0x0000000785700000)
 ParOldGen       total 138240K, used 123040K [0x00000006c0000000, 0x00000006c8700000, 0x000000076ab00000)
  object space 138240K, 89% used [0x00000006c0000000,0x00000006c7828250,0x00000006c8700000)
 Metaspace       used 29619K, capacity 30115K, committed 30336K, reserved 1075200K
  class space    used 4070K, capacity 4216K, committed 4224K, reserved 1048576K
}
Event: 118.424 GC heap before
{Heap before GC invocations=53 (full 3):
 PSYoungGen      total 311808K, used 311712K [0x000000076ab00000, 0x0000000785700000, 0x00000007c0000000)
  eden space 307200K, 100% used [0x000000076ab00000,0x000000077d700000,0x000000077d700000)
  from space 4608K, 97% used [0x0000000784400000,0x0000000784868000,0x0000000784880000)
  to   space 11776K, 0% used [0x0000000784b80000,0x0000000784b80000,0x0000000785700000)
 ParOldGen       total 138240K, used 123040K [0x00000006c0000000, 0x00000006c8700000, 0x000000076ab00000)
  object space 138240K, 89% used [0x00000006c0000000,0x00000006c7828250,0x00000006c8700000)
 Metaspace       used 29621K, capacity 30115K, committed 30336K, reserved 1075200K
  class space    used 4070K, capacity 4216K, committed 4224K, reserved 1048576K
Event: 118.430 GC heap after
Heap after GC invocations=53 (full 3):
 PSYoungGen      total 299520K, used 4320K [0x000000076ab00000, 0x0000000785000000, 0x00000007c0000000)
  eden space 294912K, 0% used [0x000000076ab00000,0x000000076ab00000,0x000000077cb00000)
  from space 4608K, 93% used [0x0000000784b80000,0x0000000784fb8000,0x0000000785000000)
  to   space 11264K, 0% used [0x0000000783a00000,0x0000000783a00000,0x0000000784500000)
 ParOldGen       total 138240K, used 126462K [0x00000006c0000000, 0x00000006c8700000, 0x000000076ab00000)
  object space 138240K, 91% used [0x00000006c0000000,0x00000006c7b7f958,0x00000006c8700000)
 Metaspace       used 29621K, capacity 30115K, committed 30336K, reserved 1075200K
  class space    used 4070K, capacity 4216K, committed 4224K, reserved 1048576K
}
Event: 119.564 GC heap before
{Heap before GC invocations=54 (full 3):
 PSYoungGen      total 299520K, used 299232K [0x000000076ab00000, 0x0000000785000000, 0x00000007c0000000)
  eden space 294912K, 100% used [0x000000076ab00000,0x000000077cb00000,0x000000077cb00000)
  from space 4608K, 93% used [0x0000000784b80000,0x0000000784fb8000,0x0000000785000000)
  to   space 11264K, 0% used [0x0000000783a00000,0x0000000783a00000,0x0000000784500000)
 ParOldGen       total 138240K, used 126462K [0x00000006c0000000, 0x00000006c8700000, 0x000000076ab00000)
  object space 138240K, 91% used [0x00000006c0000000,0x00000006c7b7f958,0x00000006c8700000)
 Metaspace       used 29621K, capacity 30115K, committed 30336K, reserved 1075200K
  class space    used 4070K, capacity 4216K, committed 4224K, reserved 1048576K
Event: 119.570 GC heap after
Heap after GC invocations=54 (full 3):
 PSYoungGen      total 287744K, used 4160K [0x000000076ab00000, 0x0000000784c00000, 0x00000007c0000000)
  eden space 283136K, 0% used [0x000000076ab00000,0x000000076ab00000,0x000000077bf80000)
  from space 4608K, 90% used [0x0000000783a00000,0x0000000783e10000,0x0000000783e80000)
  to   space 10752K, 0% used [0x0000000784180000,0x0000000784180000,0x0000000784c00000)
 ParOldGen       total 138240K, used 129953K [0x00000006c0000000, 0x00000006c8700000, 0x000000076ab00000)
  object space 138240K, 94% used [0x00000006c0000000,0x00000006c7ee86b0,0x00000006c8700000)
 Metaspace       used 29621K, capacity 30115K, committed 30336K, reserved 1075200K
  class space    used 4070K, capacity 4216K, committed 4224K, reserved 1048576K
}
Event: 119.570 GC heap before
{Heap before GC invocations=55 (full 4):
 PSYoungGen      total 287744K, used 4160K [0x000000076ab00000, 0x0000000784c00000, 0x00000007c0000000)
  eden space 283136K, 0% used [0x000000076ab00000,0x000000076ab00000,0x000000077bf80000)
  from space 4608K, 90% used [0x0000000783a00000,0x0000000783e10000,0x0000000783e80000)
  to   space 10752K, 0% used [0x0000000784180000,0x0000000784180000,0x0000000784c00000)
 ParOldGen       total 138240K, used 129953K [0x00000006c0000000, 0x00000006c8700000, 0x000000076ab00000)
  object space 138240K, 94% used [0x00000006c0000000,0x00000006c7ee86b0,0x00000006c8700000)
 Metaspace       used 29621K, capacity 30115K, committed 30336K, reserved 1075200K
  class space    used 4070K, capacity 4216K, committed 4224K, reserved 1048576K
Event: 119.708 GC heap after
Heap after GC invocations=55 (full 4):
 PSYoungGen      total 287744K, used 0K [0x000000076ab00000, 0x0000000784c00000, 0x00000007c0000000)
  eden space 283136K, 0% used [0x000000076ab00000,0x000000076ab00000,0x000000077bf80000)
  from space 4608K, 0% used [0x0000000783a00000,0x0000000783a00000,0x0000000783e80000)
  to   space 10752K, 0% used [0x0000000784180000,0x0000000784180000,0x0000000784c00000)
 ParOldGen       total 154112K, used 76893K [0x00000006c0000000, 0x00000006c9680000, 0x000000076ab00000)
  object space 154112K, 49% used [0x00000006c0000000,0x00000006c4b175d0,0x00000006c9680000)
 Metaspace       used 29621K, capacity 30115K, committed 30336K, reserved 1075200K
  class space    used 4070K, capacity 4216K, committed 4224K, reserved 1048576K
}

