# JRE version: Java(TM) SE Runtime Environment (8.0_152-b16) (build 1.8.0_152-b16)
# Java VM: Java HotSpot(TM) 64-Bit Server VM (25.152-b16 mixed mode bsd-amd64 compressed oops)
Heap:
 PSYoungGen      total 153600K, used 6172K [0x000000076ab00000, 0x00000007b0b00000, 0x00000007c0000000)
  eden space 144384K, 4% used [0x000000076ab00000,0x000000076b107120,0x0000000773800000)
  from space 9216K, 0% used [0x00000007afc00000,0x00000007afc00000,0x00000007b0500000)
  to   space 6144K, 0% used [0x00000007b0500000,0x00000007b0500000,0x00000007b0b00000)
 ParOldGen       total 105984K, used 27199K [0x00000006c0000000, 0x00000006c6780000, 0x000000076ab00000)
  object space 105984K, 25% used [0x00000006c0000000,0x00000006c1a8fef8,0x00000006c6780000)
 Metaspace       used 30845K, capacity 31339K, committed 31664K, reserved 1077248K
  class space    used 4177K, capacity 4304K, committed 4352K, reserved 1048576K
GC Heap History (10 events):
Event: 4229.396 GC heap before
{Heap before GC invocations=65 (full 1):
 PSYoungGen      total 174080K, used 173765K [0x000000076ab00000, 0x00000007b1580000, 0x00000007c0000000)
  eden space 164864K, 100% used [0x000000076ab00000,0x0000000774c00000,0x0000000774c00000)
  from space 9216K, 96% used [0x00000007b0680000,0x00000007b0f31550,0x00000007b0f80000)
  to   space 6144K, 0% used [0x00000007b0f80000,0x00000007b0f80000,0x00000007b1580000)
 ParOldGen       total 82432K, used 68731K [0x00000006c0000000, 0x00000006c5080000, 0x000000076ab00000)
  object space 82432K, 83% used [0x00000006c0000000,0x00000006c431eef0,0x00000006c5080000)
 Metaspace       used 30780K, capacity 31323K, committed 31664K, reserved 1077248K
  class space    used 4175K, capacity 4316K, committed 4352K, reserved 1048576K
Event: 4229.419 GC heap after
Heap after GC invocations=65 (full 1):
 PSYoungGen      total 165376K, used 6116K [0x000000076ab00000, 0x00000007b1580000, 0x00000007c0000000)
  eden space 159232K, 0% used [0x000000076ab00000,0x000000076ab00000,0x0000000774680000)
  from space 6144K, 99% used [0x00000007b0f80000,0x00000007b1579230,0x00000007b1580000)
  to   space 10240K, 0% used [0x00000007b0180000,0x00000007b0180000,0x00000007b0b80000)
 ParOldGen       total 82432K, used 71554K [0x00000006c0000000, 0x00000006c5080000, 0x000000076ab00000)
  object space 82432K, 86% used [0x00000006c0000000,0x00000006c45e0aa0,0x00000006c5080000)
 Metaspace       used 30780K, capacity 31323K, committed 31664K, reserved 1077248K
  class space    used 4175K, capacity 4316K, committed 4352K, reserved 1048576K
}
Event: 4259.321 GC heap before
{Heap before GC invocations=66 (full 1):
 PSYoungGen      total 165376K, used 165348K [0x000000076ab00000, 0x00000007b1580000, 0x00000007c0000000)
  eden space 159232K, 100% used [0x000000076ab00000,0x0000000774680000,0x0000000774680000)
  from space 6144K, 99% used [0x00000007b0f80000,0x00000007b1579230,0x00000007b1580000)
  to   space 10240K, 0% used [0x00000007b0180000,0x00000007b0180000,0x00000007b0b80000)
 ParOldGen       total 82432K, used 71554K [0x00000006c0000000, 0x00000006c5080000, 0x000000076ab00000)
  object space 82432K, 86% used [0x00000006c0000000,0x00000006c45e0aa0,0x00000006c5080000)
 Metaspace       used 30780K, capacity 31323K, committed 31664K, reserved 1077248K
  class space    used 4175K, capacity 4316K, committed 4352K, reserved 1048576K
Event: 4259.331 GC heap after
Heap after GC invocations=66 (full 1):
 PSYoungGen      total 163328K, used 8901K [0x000000076ab00000, 0x00000007b1000000, 0x00000007c0000000)
  eden space 154112K, 0% used [0x000000076ab00000,0x000000076ab00000,0x0000000774180000)
  from space 9216K, 96% used [0x00000007b0180000,0x00000007b0a31550,0x00000007b0a80000)
  to   space 5632K, 0% used [0x00000007b0a80000,0x00000007b0a80000,0x00000007b1000000)
 ParOldGen       total 82432K, used 71578K [0x00000006c0000000, 0x00000006c5080000, 0x000000076ab00000)
  object space 82432K, 86% used [0x00000006c0000000,0x00000006c45e6aa0,0x00000006c5080000)
 Metaspace       used 30780K, capacity 31323K, committed 31664K, reserved 1077248K
  class space    used 4175K, capacity 4316K, committed 4352K, reserved 1048576K
}
Event: 4284.398 GC heap before
{Heap before GC invocations=67 (full 1):
 PSYoungGen      total 163328K, used 163013K [0x000000076ab00000, 0x00000007b1000000, 0x00000007c0000000)
  eden space 154112K, 100% used [0x000000076ab00000,0x0000000774180000,0x0000000774180000)
  from space 9216K, 96% used [0x00000007b0180000,0x00000007b0a31550,0x00000007b0a80000)
  to   space 5632K, 0% used [0x00000007b0a80000,0x00000007b0a80000,0x00000007b1000000)
 ParOldGen       total 82432K, used 71578K [0x00000006c0000000, 0x00000006c5080000, 0x000000076ab00000)
  object space 82432K, 86% used [0x00000006c0000000,0x00000006c45e6aa0,0x00000006c5080000)
 Metaspace       used 30780K, capacity 31323K, committed 31664K, reserved 1077248K
  class space    used 4175K, capacity 4316K, committed 4352K, reserved 1048576K
Event: 4284.405 GC heap after
Heap after GC invocations=67 (full 1):
 PSYoungGen      total 154624K, used 5601K [0x000000076ab00000, 0x00000007b1000000, 0x00000007c0000000)
  eden space 148992K, 0% used [0x000000076ab00000,0x000000076ab00000,0x0000000773c80000)
  from space 5632K, 99% used [0x00000007b0a80000,0x00000007b0ff8640,0x00000007b1000000)
  to   space 10240K, 0% used [0x00000007afc00000,0x00000007afc00000,0x00000007b0600000)
 ParOldGen       total 82432K, used 74744K [0x00000006c0000000, 0x00000006c5080000, 0x000000076ab00000)
  object space 82432K, 90% used [0x00000006c0000000,0x00000006c48fe120,0x00000006c5080000)
 Metaspace       used 30780K, capacity 31323K, committed 31664K, reserved 1077248K
  class space    used 4175K, capacity 4316K, committed 4352K, reserved 1048576K
}
Event: 4318.460 GC heap before
{Heap before GC invocations=68 (full 1):
 PSYoungGen      total 154624K, used 154593K [0x000000076ab00000, 0x00000007b1000000, 0x00000007c0000000)
  eden space 148992K, 100% used [0x000000076ab00000,0x0000000773c80000,0x0000000773c80000)
  from space 5632K, 99% used [0x00000007b0a80000,0x00000007b0ff8640,0x00000007b1000000)
  to   space 10240K, 0% used [0x00000007afc00000,0x00000007afc00000,0x00000007b0600000)
 ParOldGen       total 82432K, used 74744K [0x00000006c0000000, 0x00000006c5080000, 0x000000076ab00000)
  object space 82432K, 90% used [0x00000006c0000000,0x00000006c48fe120,0x00000006c5080000)
 Metaspace       used 30879K, capacity 31393K, committed 31664K, reserved 1077248K
  class space    used 4184K, capacity 4317K, committed 4352K, reserved 1048576K
Event: 4318.492 GC heap after
Heap after GC invocations=68 (full 1):
 PSYoungGen      total 153600K, used 8914K [0x000000076ab00000, 0x00000007b0b00000, 0x00000007c0000000)
  eden space 144384K, 0% used [0x000000076ab00000,0x000000076ab00000,0x0000000773800000)
  from space 9216K, 96% used [0x00000007afc00000,0x00000007b04b49c0,0x00000007b0500000)
  to   space 6144K, 0% used [0x00000007b0500000,0x00000007b0500000,0x00000007b0b00000)
 ParOldGen       total 93184K, used 90510K [0x00000006c0000000, 0x00000006c5b00000, 0x000000076ab00000)
  object space 93184K, 97% used [0x00000006c0000000,0x00000006c5863a30,0x00000006c5b00000)
 Metaspace       used 30879K, capacity 31393K, committed 31664K, reserved 1077248K
  class space    used 4184K, capacity 4317K, committed 4352K, reserved 1048576K
}
Event: 4318.493 GC heap before
{Heap before GC invocations=69 (full 2):
 PSYoungGen      total 153600K, used 8914K [0x000000076ab00000, 0x00000007b0b00000, 0x00000007c0000000)
  eden space 144384K, 0% used [0x000000076ab00000,0x000000076ab00000,0x0000000773800000)
  from space 9216K, 96% used [0x00000007afc00000,0x00000007b04b49c0,0x00000007b0500000)
  to   space 6144K, 0% used [0x00000007b0500000,0x00000007b0500000,0x00000007b0b00000)
 ParOldGen       total 93184K, used 90510K [0x00000006c0000000, 0x00000006c5b00000, 0x000000076ab00000)
  object space 93184K, 97% used [0x00000006c0000000,0x00000006c5863a30,0x00000006c5b00000)
 Metaspace       used 30879K, capacity 31393K, committed 31664K, reserved 1077248K
  class space    used 4184K, capacity 4317K, committed 4352K, reserved 1048576K
Event: 4318.833 GC heap after
Heap after GC invocations=69 (full 2):
 PSYoungGen      total 153600K, used 0K [0x000000076ab00000, 0x00000007b0b00000, 0x00000007c0000000)
  eden space 144384K, 0% used [0x000000076ab00000,0x000000076ab00000,0x0000000773800000)
  from space 9216K, 0% used [0x00000007afc00000,0x00000007afc00000,0x00000007b0500000)
  to   space 6144K, 0% used [0x00000007b0500000,0x00000007b0500000,0x00000007b0b00000)
 ParOldGen       total 105984K, used 27199K [0x00000006c0000000, 0x00000006c6780000, 0x000000076ab00000)
  object space 105984K, 25% used [0x00000006c0000000,0x00000006c1a8fef8,0x00000006c6780000)
 Metaspace       used 30844K, capacity 31339K, committed 31664K, reserved 1077248K
  class space    used 4177K, capacity 4304K, committed 4352K, reserved 1048576K
}

