# JRE version: Java(TM) SE Runtime Environment (8.0_152-b16) (build 1.8.0_152-b16)
# Java VM: Java HotSpot(TM) 64-Bit Server VM (25.152-b16 mixed mode bsd-amd64 compressed oops)
Heap:
 PSYoungGen      total 1288704K, used 13764K [0x000000076ab00000, 0x00000007c0000000, 0x00000007c0000000)
  eden space 1259520K, 1% used [0x000000076ab00000,0x000000076b871170,0x00000007b7900000)
  from space 29184K, 0% used [0x00000007b9e00000,0x00000007b9e00000,0x00000007bba80000)
  to   space 37888K, 0% used [0x00000007b7900000,0x00000007b7900000,0x00000007b9e00000)
 ParOldGen       total 167424K, used 78319K [0x00000006c0000000, 0x00000006ca380000, 0x000000076ab00000)
  object space 167424K, 46% used [0x00000006c0000000,0x00000006c4c7be38,0x00000006ca380000)
 Metaspace       used 32550K, capacity 33145K, committed 33408K, reserved 1079296K
  class space    used 4274K, capacity 4419K, committed 4480K, reserved 1048576K
GC Heap History (10 events):
Event: 250.993 GC heap before
{Heap before GC invocations=22 (full 1):
 PSYoungGen      total 1018368K, used 1018205K [0x000000076ab00000, 0x00000007bb680000, 0x00000007c0000000)
  eden space 999936K, 100% used [0x000000076ab00000,0x00000007a7b80000,0x00000007a7b80000)
  from space 18432K, 99% used [0x00000007ba480000,0x00000007bb657620,0x00000007bb680000)
  to   space 30720K, 0% used [0x00000007b7a80000,0x00000007b7a80000,0x00000007b9880000)
 ParOldGen       total 117248K, used 91350K [0x00000006c0000000, 0x00000006c7280000, 0x000000076ab00000)
  object space 117248K, 77% used [0x00000006c0000000,0x00000006c5935b00,0x00000006c7280000)
 Metaspace       used 32450K, capacity 33011K, committed 33408K, reserved 1079296K
  class space    used 4266K, capacity 4418K, committed 4480K, reserved 1048576K
Event: 250.998 GC heap after
Heap after GC invocations=22 (full 1):
 PSYoungGen      total 971776K, used 18387K [0x000000076ab00000, 0x00000007ba500000, 0x00000007c0000000)
  eden space 953344K, 0% used [0x000000076ab00000,0x000000076ab00000,0x00000007a4e00000)
  from space 18432K, 99% used [0x00000007b7a80000,0x00000007b8c74d98,0x00000007b8c80000)
  to   space 25088K, 0% used [0x00000007b8c80000,0x00000007b8c80000,0x00000007ba500000)
 ParOldGen       total 117248K, used 91358K [0x00000006c0000000, 0x00000006c7280000, 0x000000076ab00000)
  object space 117248K, 77% used [0x00000006c0000000,0x00000006c5937b00,0x00000006c7280000)
 Metaspace       used 32450K, capacity 33011K, committed 33408K, reserved 1079296K
  class space    used 4266K, capacity 4418K, committed 4480K, reserved 1048576K
}
Event: 252.276 GC heap before
{Heap before GC invocations=23 (full 1):
 PSYoungGen      total 971776K, used 971731K [0x000000076ab00000, 0x00000007ba500000, 0x00000007c0000000)
  eden space 953344K, 100% used [0x000000076ab00000,0x00000007a4e00000,0x00000007a4e00000)
  from space 18432K, 99% used [0x00000007b7a80000,0x00000007b8c74d98,0x00000007b8c80000)
  to   space 25088K, 0% used [0x00000007b8c80000,0x00000007b8c80000,0x00000007ba500000)
 ParOldGen       total 117248K, used 91360K [0x00000006c0000000, 0x00000006c7280000, 0x000000076ab00000)
  object space 117248K, 77% used [0x00000006c0000000,0x00000006c59382e0,0x00000006c7280000)
 Metaspace       used 32456K, capacity 33011K, committed 33408K, reserved 1079296K
  class space    used 4266K, capacity 4418K, committed 4480K, reserved 1048576K
Event: 252.284 GC heap after
Heap after GC invocations=23 (full 1):
 PSYoungGen      total 927744K, used 18424K [0x000000076ab00000, 0x00000007b9e80000, 0x00000007c0000000)
  eden space 909312K, 0% used [0x000000076ab00000,0x000000076ab00000,0x00000007a2300000)
  from space 18432K, 99% used [0x00000007b8c80000,0x00000007b9e7e190,0x00000007b9e80000)
  to   space 29696K, 0% used [0x00000007b6480000,0x00000007b6480000,0x00000007b8180000)
 ParOldGen       total 117248K, used 91360K [0x00000006c0000000, 0x00000006c7280000, 0x000000076ab00000)
  object space 117248K, 77% used [0x00000006c0000000,0x00000006c59382e0,0x00000006c7280000)
 Metaspace       used 32456K, capacity 33011K, committed 33408K, reserved 1079296K
  class space    used 4266K, capacity 4418K, committed 4480K, reserved 1048576K
}
Event: 252.284 GC heap before
{Heap before GC invocations=24 (full 1):
 PSYoungGen      total 927744K, used 20377K [0x000000076ab00000, 0x00000007b9e80000, 0x00000007c0000000)
  eden space 909312K, 0% used [0x000000076ab00000,0x000000076ace84b0,0x00000007a2300000)
  from space 18432K, 99% used [0x00000007b8c80000,0x00000007b9e7e190,0x00000007b9e80000)
  to   space 29696K, 0% used [0x00000007b6480000,0x00000007b6480000,0x00000007b8180000)
 ParOldGen       total 117248K, used 91360K [0x00000006c0000000, 0x00000006c7280000, 0x000000076ab00000)
  object space 117248K, 77% used [0x00000006c0000000,0x00000006c59382e0,0x00000006c7280000)
 Metaspace       used 32456K, capacity 33011K, committed 33408K, reserved 1079296K
  class space    used 4266K, capacity 4418K, committed 4480K, reserved 1048576K
Event: 252.289 GC heap after
Heap after GC invocations=24 (full 1):
 PSYoungGen      total 1268224K, used 18282K [0x000000076ab00000, 0x00000007bba80000, 0x00000007c0000000)
  eden space 1238528K, 0% used [0x000000076ab00000,0x000000076ab00000,0x00000007b6480000)
  from space 29696K, 61% used [0x00000007b6480000,0x00000007b765a900,0x00000007b8180000)
  to   space 29184K, 0% used [0x00000007b9e00000,0x00000007b9e00000,0x00000007bba80000)
 ParOldGen       total 117248K, used 91360K [0x00000006c0000000, 0x00000006c7280000, 0x000000076ab00000)
  object space 117248K, 77% used [0x00000006c0000000,0x00000006c59382e0,0x00000006c7280000)
 Metaspace       used 32456K, capacity 33011K, committed 33408K, reserved 1079296K
  class space    used 4266K, capacity 4418K, committed 4480K, reserved 1048576K
}
Event: 423.589 GC heap before
{Heap before GC invocations=25 (full 1):
 PSYoungGen      total 1268224K, used 1256810K [0x000000076ab00000, 0x00000007bba80000, 0x00000007c0000000)
  eden space 1238528K, 100% used [0x000000076ab00000,0x00000007b6480000,0x00000007b6480000)
  from space 29696K, 61% used [0x00000007b6480000,0x00000007b765a900,0x00000007b8180000)
  to   space 29184K, 0% used [0x00000007b9e00000,0x00000007b9e00000,0x00000007bba80000)
 ParOldGen       total 117248K, used 91360K [0x00000006c0000000, 0x00000006c7280000, 0x000000076ab00000)
  object space 117248K, 77% used [0x00000006c0000000,0x00000006c59382e0,0x00000006c7280000)
 Metaspace       used 32550K, capacity 33145K, committed 33408K, reserved 1079296K
  class space    used 4274K, capacity 4419K, committed 4480K, reserved 1048576K
Event: 423.650 GC heap after
Heap after GC invocations=25 (full 1):
 PSYoungGen      total 1288704K, used 29167K [0x000000076ab00000, 0x00000007c0000000, 0x00000007c0000000)
  eden space 1259520K, 0% used [0x000000076ab00000,0x000000076ab00000,0x00000007b7900000)
  from space 29184K, 99% used [0x00000007b9e00000,0x00000007bba7be00,0x00000007bba80000)
  to   space 37888K, 0% used [0x00000007b7900000,0x00000007b7900000,0x00000007b9e00000)
 ParOldGen       total 117248K, used 104412K [0x00000006c0000000, 0x00000006c7280000, 0x000000076ab00000)
  object space 117248K, 89% used [0x00000006c0000000,0x00000006c65f7140,0x00000006c7280000)
 Metaspace       used 32550K, capacity 33145K, committed 33408K, reserved 1079296K
  class space    used 4274K, capacity 4419K, committed 4480K, reserved 1048576K
}
Event: 423.650 GC heap before
{Heap before GC invocations=26 (full 2):
 PSYoungGen      total 1288704K, used 29167K [0x000000076ab00000, 0x00000007c0000000, 0x00000007c0000000)
  eden space 1259520K, 0% used [0x000000076ab00000,0x000000076ab00000,0x00000007b7900000)
  from space 29184K, 99% used [0x00000007b9e00000,0x00000007bba7be00,0x00000007bba80000)
  to   space 37888K, 0% used [0x00000007b7900000,0x00000007b7900000,0x00000007b9e00000)
 ParOldGen       total 117248K, used 104412K [0x00000006c0000000, 0x00000006c7280000, 0x000000076ab00000)
  object space 117248K, 89% used [0x00000006c0000000,0x00000006c65f7140,0x00000006c7280000)
 Metaspace       used 32550K, capacity 33145K, committed 33408K, reserved 1079296K
  class space    used 4274K, capacity 4419K, committed 4480K, reserved 1048576K
Event: 424.042 GC heap after
Heap after GC invocations=26 (full 2):
 PSYoungGen      total 1288704K, used 0K [0x000000076ab00000, 0x00000007c0000000, 0x00000007c0000000)
  eden space 1259520K, 0% used [0x000000076ab00000,0x000000076ab00000,0x00000007b7900000)
  from space 29184K, 0% used [0x00000007b9e00000,0x00000007b9e00000,0x00000007bba80000)
  to   space 37888K, 0% used [0x00000007b7900000,0x00000007b7900000,0x00000007b9e00000)
 ParOldGen       total 167424K, used 78319K [0x00000006c0000000, 0x00000006ca380000, 0x000000076ab00000)
  object space 167424K, 46% used [0x00000006c0000000,0x00000006c4c7be38,0x00000006ca380000)
 Metaspace       used 32550K, capacity 33145K, committed 33408K, reserved 1079296K
  class space    used 4274K, capacity 4419K, committed 4480K, reserved 1048576K
}

