# JRE version: Java(TM) SE Runtime Environment (8.0_152-b16) (build 1.8.0_152-b16)
# Java VM: Java HotSpot(TM) 64-Bit Server VM (25.152-b16 mixed mode bsd-amd64 compressed oops)
Heap:
 PSYoungGen      total 33792K, used 4435K [0x000000076ab00000, 0x000000076d580000, 0x00000007c0000000)
  eden space 24064K, 18% used [0x000000076ab00000,0x000000076af54e38,0x000000076c280000)
  from space 9728K, 0% used [0x000000076c280000,0x000000076c280000,0x000000076cc00000)
  to   space 9728K, 0% used [0x000000076cc00000,0x000000076cc00000,0x000000076d580000)
 ParOldGen       total 143360K, used 86078K [0x00000006c0000000, 0x00000006c8c00000, 0x000000076ab00000)
  object space 143360K, 60% used [0x00000006c0000000,0x00000006c540fb20,0x00000006c8c00000)
 Metaspace       used 34870K, capacity 35435K, committed 35712K, reserved 1081344K
  class space    used 4514K, capacity 4672K, committed 4736K, reserved 1048576K
GC Heap History (10 events):
Event: 12434.626 GC heap before
{Heap before GC invocations=3785 (full 15):
 PSYoungGen      total 33792K, used 33052K [0x000000076ab00000, 0x000000076d580000, 0x00000007c0000000)
  eden space 24064K, 100% used [0x000000076ab00000,0x000000076c280000,0x000000076c280000)
  from space 9728K, 92% used [0x000000076c280000,0x000000076cb47340,0x000000076cc00000)
  to   space 9728K, 0% used [0x000000076cc00000,0x000000076cc00000,0x000000076d580000)
 ParOldGen       total 140288K, used 140165K [0x00000006c0000000, 0x00000006c8900000, 0x000000076ab00000)
  object space 140288K, 99% used [0x00000006c0000000,0x00000006c88e17f0,0x00000006c8900000)
 Metaspace       used 34873K, capacity 35441K, committed 35712K, reserved 1081344K
  class space    used 4514K, capacity 4673K, committed 4736K, reserved 1048576K
Event: 12434.634 GC heap after
Heap after GC invocations=3785 (full 15):
 PSYoungGen      total 33792K, used 8910K [0x000000076ab00000, 0x000000076d580000, 0x00000007c0000000)
  eden space 24064K, 0% used [0x000000076ab00000,0x000000076ab00000,0x000000076c280000)
  from space 9728K, 91% used [0x000000076cc00000,0x000000076d4b3ab0,0x000000076d580000)
  to   space 9728K, 0% used [0x000000076c280000,0x000000076c280000,0x000000076cc00000)
 ParOldGen       total 140288K, used 140181K [0x00000006c0000000, 0x00000006c8900000, 0x000000076ab00000)
  object space 140288K, 99% used [0x00000006c0000000,0x00000006c88e57f0,0x00000006c8900000)
 Metaspace       used 34873K, capacity 35441K, committed 35712K, reserved 1081344K
  class space    used 4514K, capacity 4673K, committed 4736K, reserved 1048576K
}
Event: 12435.706 GC heap before
{Heap before GC invocations=3786 (full 15):
 PSYoungGen      total 33792K, used 32974K [0x000000076ab00000, 0x000000076d580000, 0x00000007c0000000)
  eden space 24064K, 100% used [0x000000076ab00000,0x000000076c280000,0x000000076c280000)
  from space 9728K, 91% used [0x000000076cc00000,0x000000076d4b3ab0,0x000000076d580000)
  to   space 9728K, 0% used [0x000000076c280000,0x000000076c280000,0x000000076cc00000)
 ParOldGen       total 140288K, used 140181K [0x00000006c0000000, 0x00000006c8900000, 0x000000076ab00000)
  object space 140288K, 99% used [0x00000006c0000000,0x00000006c88e57f0,0x00000006c8900000)
 Metaspace       used 34873K, capacity 35441K, committed 35712K, reserved 1081344K
  class space    used 4514K, capacity 4673K, committed 4736K, reserved 1048576K
Event: 12435.715 GC heap after
Heap after GC invocations=3786 (full 15):
 PSYoungGen      total 33792K, used 8676K [0x000000076ab00000, 0x000000076d580000, 0x00000007c0000000)
  eden space 24064K, 0% used [0x000000076ab00000,0x000000076ab00000,0x000000076c280000)
  from space 9728K, 89% used [0x000000076c280000,0x000000076caf9130,0x000000076cc00000)
  to   space 9728K, 0% used [0x000000076cc00000,0x000000076cc00000,0x000000076d580000)
 ParOldGen       total 140288K, used 140213K [0x00000006c0000000, 0x00000006c8900000, 0x000000076ab00000)
  object space 140288K, 99% used [0x00000006c0000000,0x00000006c88ed7f0,0x00000006c8900000)
 Metaspace       used 34873K, capacity 35441K, committed 35712K, reserved 1081344K
  class space    used 4514K, capacity 4673K, committed 4736K, reserved 1048576K
}
Event: 12436.788 GC heap before
{Heap before GC invocations=3787 (full 15):
 PSYoungGen      total 33792K, used 32447K [0x000000076ab00000, 0x000000076d580000, 0x00000007c0000000)
  eden space 24064K, 98% used [0x000000076ab00000,0x000000076c236bb0,0x000000076c280000)
  from space 9728K, 89% used [0x000000076c280000,0x000000076caf9130,0x000000076cc00000)
  to   space 9728K, 0% used [0x000000076cc00000,0x000000076cc00000,0x000000076d580000)
 ParOldGen       total 140288K, used 140213K [0x00000006c0000000, 0x00000006c8900000, 0x000000076ab00000)
  object space 140288K, 99% used [0x00000006c0000000,0x00000006c88ed7f0,0x00000006c8900000)
 Metaspace       used 34873K, capacity 35441K, committed 35712K, reserved 1081344K
  class space    used 4514K, capacity 4673K, committed 4736K, reserved 1048576K
Event: 12436.795 GC heap after
Heap after GC invocations=3787 (full 15):
 PSYoungGen      total 33792K, used 8754K [0x000000076ab00000, 0x000000076d580000, 0x00000007c0000000)
  eden space 24064K, 0% used [0x000000076ab00000,0x000000076ab00000,0x000000076c280000)
  from space 9728K, 89% used [0x000000076cc00000,0x000000076d48c9c0,0x000000076d580000)
  to   space 9728K, 0% used [0x000000076c280000,0x000000076c280000,0x000000076cc00000)
 ParOldGen       total 140288K, used 140221K [0x00000006c0000000, 0x00000006c8900000, 0x000000076ab00000)
  object space 140288K, 99% used [0x00000006c0000000,0x00000006c88ef7f0,0x00000006c8900000)
 Metaspace       used 34873K, capacity 35441K, committed 35712K, reserved 1081344K
  class space    used 4514K, capacity 4673K, committed 4736K, reserved 1048576K
}
Event: 12437.889 GC heap before
{Heap before GC invocations=3788 (full 15):
 PSYoungGen      total 33792K, used 32818K [0x000000076ab00000, 0x000000076d580000, 0x00000007c0000000)
  eden space 24064K, 100% used [0x000000076ab00000,0x000000076c280000,0x000000076c280000)
  from space 9728K, 89% used [0x000000076cc00000,0x000000076d48c9c0,0x000000076d580000)
  to   space 9728K, 0% used [0x000000076c280000,0x000000076c280000,0x000000076cc00000)
 ParOldGen       total 140288K, used 140221K [0x00000006c0000000, 0x00000006c8900000, 0x000000076ab00000)
  object space 140288K, 99% used [0x00000006c0000000,0x00000006c88ef7f0,0x00000006c8900000)
 Metaspace       used 34873K, capacity 35441K, committed 35712K, reserved 1081344K
  class space    used 4514K, capacity 4673K, committed 4736K, reserved 1048576K
Event: 12437.897 GC heap after
Heap after GC invocations=3788 (full 15):
 PSYoungGen      total 33792K, used 9223K [0x000000076ab00000, 0x000000076d580000, 0x00000007c0000000)
  eden space 24064K, 0% used [0x000000076ab00000,0x000000076ab00000,0x000000076c280000)
  from space 9728K, 94% used [0x000000076c280000,0x000000076cb81cc0,0x000000076cc00000)
  to   space 9728K, 0% used [0x000000076cc00000,0x000000076cc00000,0x000000076d580000)
 ParOldGen       total 140288K, used 140229K [0x00000006c0000000, 0x00000006c8900000, 0x000000076ab00000)
  object space 140288K, 99% used [0x00000006c0000000,0x00000006c88f17f0,0x00000006c8900000)
 Metaspace       used 34873K, capacity 35441K, committed 35712K, reserved 1081344K
  class space    used 4514K, capacity 4673K, committed 4736K, reserved 1048576K
}
Event: 12437.897 GC heap before
{Heap before GC invocations=3789 (full 16):
 PSYoungGen      total 33792K, used 9223K [0x000000076ab00000, 0x000000076d580000, 0x00000007c0000000)
  eden space 24064K, 0% used [0x000000076ab00000,0x000000076ab00000,0x000000076c280000)
  from space 9728K, 94% used [0x000000076c280000,0x000000076cb81cc0,0x000000076cc00000)
  to   space 9728K, 0% used [0x000000076cc00000,0x000000076cc00000,0x000000076d580000)
 ParOldGen       total 140288K, used 140229K [0x00000006c0000000, 0x00000006c8900000, 0x000000076ab00000)
  object space 140288K, 99% used [0x00000006c0000000,0x00000006c88f17f0,0x00000006c8900000)
 Metaspace       used 34873K, capacity 35441K, committed 35712K, reserved 1081344K
  class space    used 4514K, capacity 4673K, committed 4736K, reserved 1048576K
Event: 12438.316 GC heap after
Heap after GC invocations=3789 (full 16):
 PSYoungGen      total 33792K, used 0K [0x000000076ab00000, 0x000000076d580000, 0x00000007c0000000)
  eden space 24064K, 0% used [0x000000076ab00000,0x000000076ab00000,0x000000076c280000)
  from space 9728K, 0% used [0x000000076c280000,0x000000076c280000,0x000000076cc00000)
  to   space 9728K, 0% used [0x000000076cc00000,0x000000076cc00000,0x000000076d580000)
 ParOldGen       total 143360K, used 86078K [0x00000006c0000000, 0x00000006c8c00000, 0x000000076ab00000)
  object space 143360K, 60% used [0x00000006c0000000,0x00000006c540fb20,0x00000006c8c00000)
 Metaspace       used 34870K, capacity 35435K, committed 35712K, reserved 1081344K
  class space    used 4514K, capacity 4672K, committed 4736K, reserved 1048576K
}

