# JRE version: Java(TM) SE Runtime Environment (8.0_152-b16) (build 1.8.0_152-b16)
# Java VM: Java HotSpot(TM) 64-Bit Server VM (25.152-b16 mixed mode bsd-amd64 compressed oops)
Heap:
 PSYoungGen      total 1132032K, used 28845K [0x000000076ab00000, 0x00000007b3680000, 0x00000007c0000000)
  eden space 1078784K, 2% used [0x000000076ab00000,0x000000076c72b678,0x00000007ac880000)
  from space 53248K, 0% used [0x00000007b0280000,0x00000007b0280000,0x00000007b3680000)
  to   space 56320K, 0% used [0x00000007ac880000,0x00000007ac880000,0x00000007aff80000)
 ParOldGen       total 237056K, used 63535K [0x00000006c0000000, 0x00000006ce780000, 0x000000076ab00000)
  object space 237056K, 26% used [0x00000006c0000000,0x00000006c3e0bf98,0x00000006ce780000)
 Metaspace       used 19501K, capacity 19978K, committed 20480K, reserved 1067008K
  class space    used 2285K, capacity 2427K, committed 2560K, reserved 1048576K
GC Heap History (10 events):
Event: 24.231 GC heap before
{Heap before GC invocations=14 (full 1):
 PSYoungGen      total 722944K, used 671196K [0x000000076ab00000, 0x000000079bf00000, 0x00000007c0000000)
  eden space 668672K, 100% used [0x000000076ab00000,0x0000000793800000,0x0000000793800000)
  from space 54272K, 4% used [0x0000000798a00000,0x0000000798c771d0,0x000000079bf00000)
  to   space 69120K, 0% used [0x0000000793800000,0x0000000793800000,0x0000000797b80000)
 ParOldGen       total 237056K, used 77147K [0x00000006c0000000, 0x00000006ce780000, 0x000000076ab00000)
  object space 237056K, 32% used [0x00000006c0000000,0x00000006c4b56e98,0x00000006ce780000)
 Metaspace       used 18705K, capacity 19054K, committed 19328K, reserved 1067008K
  class space    used 2221K, capacity 2337K, committed 2432K, reserved 1048576K
Event: 24.232 GC heap after
Heap after GC invocations=14 (full 1):
 PSYoungGen      total 737792K, used 32K [0x000000076ab00000, 0x00000007a8b00000, 0x00000007c0000000)
  eden space 668672K, 0% used [0x000000076ab00000,0x000000076ab00000,0x0000000793800000)
  from space 69120K, 0% used [0x0000000793800000,0x0000000793808000,0x0000000797b80000)
  to   space 66048K, 0% used [0x00000007a4a80000,0x00000007a4a80000,0x00000007a8b00000)
 ParOldGen       total 237056K, used 79377K [0x00000006c0000000, 0x00000006ce780000, 0x000000076ab00000)
  object space 237056K, 33% used [0x00000006c0000000,0x00000006c4d84440,0x00000006ce780000)
 Metaspace       used 18705K, capacity 19054K, committed 19328K, reserved 1067008K
  class space    used 2221K, capacity 2337K, committed 2432K, reserved 1048576K
}
Event: 24.966 GC heap before
{Heap before GC invocations=15 (full 1):
 PSYoungGen      total 737792K, used 668704K [0x000000076ab00000, 0x00000007a8b00000, 0x00000007c0000000)
  eden space 668672K, 100% used [0x000000076ab00000,0x0000000793800000,0x0000000793800000)
  from space 69120K, 0% used [0x0000000793800000,0x0000000793808000,0x0000000797b80000)
  to   space 66048K, 0% used [0x00000007a4a80000,0x00000007a4a80000,0x00000007a8b00000)
 ParOldGen       total 237056K, used 79377K [0x00000006c0000000, 0x00000006ce780000, 0x000000076ab00000)
  object space 237056K, 33% used [0x00000006c0000000,0x00000006c4d84440,0x00000006ce780000)
 Metaspace       used 18705K, capacity 19054K, committed 19328K, reserved 1067008K
  class space    used 2221K, capacity 2337K, committed 2432K, reserved 1048576K
Event: 24.968 GC heap after
Heap after GC invocations=15 (full 1):
 PSYoungGen      total 896512K, used 96K [0x000000076ab00000, 0x00000007a6d80000, 0x00000007c0000000)
  eden space 860672K, 0% used [0x000000076ab00000,0x000000076ab00000,0x000000079f380000)
  from space 35840K, 0% used [0x00000007a4a80000,0x00000007a4a98000,0x00000007a6d80000)
  to   space 62464K, 0% used [0x000000079f380000,0x000000079f380000,0x00000007a3080000)
 ParOldGen       total 237056K, used 79377K [0x00000006c0000000, 0x00000006ce780000, 0x000000076ab00000)
  object space 237056K, 33% used [0x00000006c0000000,0x00000006c4d84440,0x00000006ce780000)
 Metaspace       used 18705K, capacity 19054K, committed 19328K, reserved 1067008K
  class space    used 2221K, capacity 2337K, committed 2432K, reserved 1048576K
}
Event: 26.047 GC heap before
{Heap before GC invocations=16 (full 1):
 PSYoungGen      total 896512K, used 860768K [0x000000076ab00000, 0x00000007a6d80000, 0x00000007c0000000)
  eden space 860672K, 100% used [0x000000076ab00000,0x000000079f380000,0x000000079f380000)
  from space 35840K, 0% used [0x00000007a4a80000,0x00000007a4a98000,0x00000007a6d80000)
  to   space 62464K, 0% used [0x000000079f380000,0x000000079f380000,0x00000007a3080000)
 ParOldGen       total 237056K, used 79377K [0x00000006c0000000, 0x00000006ce780000, 0x000000076ab00000)
  object space 237056K, 33% used [0x00000006c0000000,0x00000006c4d84440,0x00000006ce780000)
 Metaspace       used 18710K, capacity 19054K, committed 19328K, reserved 1067008K
  class space    used 2221K, capacity 2337K, committed 2432K, reserved 1048576K
Event: 26.049 GC heap after
Heap after GC invocations=16 (full 1):
 PSYoungGen      total 923136K, used 284K [0x000000076ab00000, 0x00000007b3c80000, 0x00000007c0000000)
  eden space 860672K, 0% used [0x000000076ab00000,0x000000076ab00000,0x000000079f380000)
  from space 62464K, 0% used [0x000000079f380000,0x000000079f3c73d0,0x00000007a3080000)
  to   space 59392K, 0% used [0x00000007b0280000,0x00000007b0280000,0x00000007b3c80000)
 ParOldGen       total 237056K, used 79377K [0x00000006c0000000, 0x00000006ce780000, 0x000000076ab00000)
  object space 237056K, 33% used [0x00000006c0000000,0x00000006c4d84440,0x00000006ce780000)
 Metaspace       used 18710K, capacity 19054K, committed 19328K, reserved 1067008K
  class space    used 2221K, capacity 2337K, committed 2432K, reserved 1048576K
}
Event: 4057.344 GC heap before
{Heap before GC invocations=17 (full 1):
 PSYoungGen      total 923136K, used 405618K [0x000000076ab00000, 0x00000007b3c80000, 0x00000007c0000000)
  eden space 860672K, 47% used [0x000000076ab00000,0x00000007836d57a0,0x000000079f380000)
  from space 62464K, 0% used [0x000000079f380000,0x000000079f3c73d0,0x00000007a3080000)
  to   space 59392K, 0% used [0x00000007b0280000,0x00000007b0280000,0x00000007b3c80000)
 ParOldGen       total 237056K, used 79377K [0x00000006c0000000, 0x00000006ce780000, 0x000000076ab00000)
  object space 237056K, 33% used [0x00000006c0000000,0x00000006c4d84440,0x00000006ce780000)
 Metaspace       used 19509K, capacity 19996K, committed 20480K, reserved 1067008K
  class space    used 2288K, capacity 2434K, committed 2560K, reserved 1048576K
Event: 4057.352 GC heap after
Heap after GC invocations=17 (full 1):
 PSYoungGen      total 1132032K, used 14821K [0x000000076ab00000, 0x00000007b3680000, 0x00000007c0000000)
  eden space 1078784K, 0% used [0x000000076ab00000,0x000000076ab00000,0x00000007ac880000)
  from space 53248K, 27% used [0x00000007b0280000,0x00000007b10f9680,0x00000007b3680000)
  to   space 56320K, 0% used [0x00000007ac880000,0x00000007ac880000,0x00000007aff80000)
 ParOldGen       total 237056K, used 79377K [0x00000006c0000000, 0x00000006ce780000, 0x000000076ab00000)
  object space 237056K, 33% used [0x00000006c0000000,0x00000006c4d84440,0x00000006ce780000)
 Metaspace       used 19509K, capacity 19996K, committed 20480K, reserved 1067008K
  class space    used 2288K, capacity 2434K, committed 2560K, reserved 1048576K
}
Event: 4057.352 GC heap before
{Heap before GC invocations=18 (full 2):
 PSYoungGen      total 1132032K, used 14821K [0x000000076ab00000, 0x00000007b3680000, 0x00000007c0000000)
  eden space 1078784K, 0% used [0x000000076ab00000,0x000000076ab00000,0x00000007ac880000)
  from space 53248K, 27% used [0x00000007b0280000,0x00000007b10f9680,0x00000007b3680000)
  to   space 56320K, 0% used [0x00000007ac880000,0x00000007ac880000,0x00000007aff80000)
 ParOldGen       total 237056K, used 79377K [0x00000006c0000000, 0x00000006ce780000, 0x000000076ab00000)
  object space 237056K, 33% used [0x00000006c0000000,0x00000006c4d84440,0x00000006ce780000)
 Metaspace       used 19509K, capacity 19996K, committed 20480K, reserved 1067008K
  class space    used 2288K, capacity 2434K, committed 2560K, reserved 1048576K
Event: 4057.395 GC heap after
Heap after GC invocations=18 (full 2):
 PSYoungGen      total 1132032K, used 0K [0x000000076ab00000, 0x00000007b3680000, 0x00000007c0000000)
  eden space 1078784K, 0% used [0x000000076ab00000,0x000000076ab00000,0x00000007ac880000)
  from space 53248K, 0% used [0x00000007b0280000,0x00000007b0280000,0x00000007b3680000)
  to   space 56320K, 0% used [0x00000007ac880000,0x00000007ac880000,0x00000007aff80000)
 ParOldGen       total 237056K, used 63535K [0x00000006c0000000, 0x00000006ce780000, 0x000000076ab00000)
  object space 237056K, 26% used [0x00000006c0000000,0x00000006c3e0bf98,0x00000006ce780000)
 Metaspace       used 19498K, capacity 19978K, committed 20480K, reserved 1067008K
  class space    used 2284K, capacity 2427K, committed 2560K, reserved 1048576K
}

