# JRE version: Java(TM) SE Runtime Environment (8.0_152-b16) (build 1.8.0_152-b16)
# Java VM: Java HotSpot(TM) 64-Bit Server VM (25.152-b16 mixed mode bsd-amd64 compressed oops)
Heap:
 PSYoungGen      total 31232K, used 2327K [0x000000076ab00000, 0x000000076d480000, 0x00000007c0000000)
  eden space 21504K, 10% used [0x000000076ab00000,0x000000076ad45e78,0x000000076c000000)
  from space 9728K, 0% used [0x000000076ca00000,0x000000076ca00000,0x000000076d380000)
  to   space 10240K, 0% used [0x000000076c000000,0x000000076c000000,0x000000076ca00000)
 ParOldGen       total 121344K, used 53855K [0x00000006c0000000, 0x00000006c7680000, 0x000000076ab00000)
  object space 121344K, 44% used [0x00000006c0000000,0x00000006c3497cd0,0x00000006c7680000)
 Metaspace       used 33463K, capacity 34053K, committed 34304K, reserved 1079296K
  class space    used 4424K, capacity 4575K, committed 4608K, reserved 1048576K
GC Heap History (10 events):
Event: 24143.476 GC heap before
{Heap before GC invocations=5941 (full 4):
 PSYoungGen      total 31744K, used 30526K [0x000000076ab00000, 0x000000076d380000, 0x00000007c0000000)
  eden space 22016K, 99% used [0x000000076ab00000,0x000000076c0589e0,0x000000076c080000)
  from space 9728K, 89% used [0x000000076ca00000,0x000000076d2771b0,0x000000076d380000)
  to   space 9728K, 0% used [0x000000076c080000,0x000000076c080000,0x000000076ca00000)
 ParOldGen       total 127488K, used 127393K [0x00000006c0000000, 0x00000006c7c80000, 0x000000076ab00000)
  object space 127488K, 99% used [0x00000006c0000000,0x00000006c7c68790,0x00000006c7c80000)
 Metaspace       used 33495K, capacity 34107K, committed 34304K, reserved 1079296K
  class space    used 4431K, capacity 4588K, committed 4608K, reserved 1048576K
Event: 24143.480 GC heap after
Heap after GC invocations=5941 (full 4):
 PSYoungGen      total 31744K, used 8378K [0x000000076ab00000, 0x000000076d380000, 0x00000007c0000000)
  eden space 22016K, 0% used [0x000000076ab00000,0x000000076ab00000,0x000000076c080000)
  from space 9728K, 86% used [0x000000076c080000,0x000000076c8aea70,0x000000076ca00000)
  to   space 9728K, 0% used [0x000000076ca00000,0x000000076ca00000,0x000000076d380000)
 ParOldGen       total 127488K, used 127401K [0x00000006c0000000, 0x00000006c7c80000, 0x000000076ab00000)
  object space 127488K, 99% used [0x00000006c0000000,0x00000006c7c6a790,0x00000006c7c80000)
 Metaspace       used 33495K, capacity 34107K, committed 34304K, reserved 1079296K
  class space    used 4431K, capacity 4588K, committed 4608K, reserved 1048576K
}
Event: 24144.415 GC heap before
{Heap before GC invocations=5942 (full 4):
 PSYoungGen      total 31744K, used 30394K [0x000000076ab00000, 0x000000076d380000, 0x00000007c0000000)
  eden space 22016K, 100% used [0x000000076ab00000,0x000000076c080000,0x000000076c080000)
  from space 9728K, 86% used [0x000000076c080000,0x000000076c8aea70,0x000000076ca00000)
  to   space 9728K, 0% used [0x000000076ca00000,0x000000076ca00000,0x000000076d380000)
 ParOldGen       total 127488K, used 127401K [0x00000006c0000000, 0x00000006c7c80000, 0x000000076ab00000)
  object space 127488K, 99% used [0x00000006c0000000,0x00000006c7c6a790,0x00000006c7c80000)
 Metaspace       used 33495K, capacity 34107K, committed 34304K, reserved 1079296K
  class space    used 4431K, capacity 4588K, committed 4608K, reserved 1048576K
Event: 24144.419 GC heap after
Heap after GC invocations=5942 (full 4):
 PSYoungGen      total 31744K, used 9323K [0x000000076ab00000, 0x000000076d380000, 0x00000007c0000000)
  eden space 22016K, 0% used [0x000000076ab00000,0x000000076ab00000,0x000000076c080000)
  from space 9728K, 95% used [0x000000076ca00000,0x000000076d31afd0,0x000000076d380000)
  to   space 9728K, 0% used [0x000000076c080000,0x000000076c080000,0x000000076ca00000)
 ParOldGen       total 127488K, used 127409K [0x00000006c0000000, 0x00000006c7c80000, 0x000000076ab00000)
  object space 127488K, 99% used [0x00000006c0000000,0x00000006c7c6c790,0x00000006c7c80000)
 Metaspace       used 33495K, capacity 34107K, committed 34304K, reserved 1079296K
  class space    used 4431K, capacity 4588K, committed 4608K, reserved 1048576K
}
Event: 24145.357 GC heap before
{Heap before GC invocations=5943 (full 4):
 PSYoungGen      total 31744K, used 31206K [0x000000076ab00000, 0x000000076d380000, 0x00000007c0000000)
  eden space 22016K, 99% used [0x000000076ab00000,0x000000076c05eb18,0x000000076c080000)
  from space 9728K, 95% used [0x000000076ca00000,0x000000076d31afd0,0x000000076d380000)
  to   space 9728K, 0% used [0x000000076c080000,0x000000076c080000,0x000000076ca00000)
 ParOldGen       total 127488K, used 127409K [0x00000006c0000000, 0x00000006c7c80000, 0x000000076ab00000)
  object space 127488K, 99% used [0x00000006c0000000,0x00000006c7c6c790,0x00000006c7c80000)
 Metaspace       used 33495K, capacity 34107K, committed 34304K, reserved 1079296K
  class space    used 4431K, capacity 4588K, committed 4608K, reserved 1048576K
Event: 24145.360 GC heap after
Heap after GC invocations=5943 (full 4):
 PSYoungGen      total 31744K, used 9098K [0x000000076ab00000, 0x000000076d380000, 0x00000007c0000000)
  eden space 22016K, 0% used [0x000000076ab00000,0x000000076ab00000,0x000000076c080000)
  from space 9728K, 93% used [0x000000076c080000,0x000000076c962890,0x000000076ca00000)
  to   space 9728K, 0% used [0x000000076ca00000,0x000000076ca00000,0x000000076d380000)
 ParOldGen       total 127488K, used 127417K [0x00000006c0000000, 0x00000006c7c80000, 0x000000076ab00000)
  object space 127488K, 99% used [0x00000006c0000000,0x00000006c7c6e790,0x00000006c7c80000)
 Metaspace       used 33495K, capacity 34107K, committed 34304K, reserved 1079296K
  class space    used 4431K, capacity 4588K, committed 4608K, reserved 1048576K
}
Event: 24146.294 GC heap before
{Heap before GC invocations=5944 (full 4):
 PSYoungGen      total 31744K, used 30939K [0x000000076ab00000, 0x000000076d380000, 0x00000007c0000000)
  eden space 22016K, 99% used [0x000000076ab00000,0x000000076c054730,0x000000076c080000)
  from space 9728K, 93% used [0x000000076c080000,0x000000076c962890,0x000000076ca00000)
  to   space 9728K, 0% used [0x000000076ca00000,0x000000076ca00000,0x000000076d380000)
 ParOldGen       total 127488K, used 127417K [0x00000006c0000000, 0x00000006c7c80000, 0x000000076ab00000)
  object space 127488K, 99% used [0x00000006c0000000,0x00000006c7c6e790,0x00000006c7c80000)
 Metaspace       used 33495K, capacity 34107K, committed 34304K, reserved 1079296K
  class space    used 4431K, capacity 4588K, committed 4608K, reserved 1048576K
Event: 24146.299 GC heap after
Heap after GC invocations=5944 (full 4):
 PSYoungGen      total 31232K, used 9323K [0x000000076ab00000, 0x000000076d480000, 0x00000007c0000000)
  eden space 21504K, 0% used [0x000000076ab00000,0x000000076ab00000,0x000000076c000000)
  from space 9728K, 95% used [0x000000076ca00000,0x000000076d31afd0,0x000000076d380000)
  to   space 10240K, 0% used [0x000000076c000000,0x000000076c000000,0x000000076ca00000)
 ParOldGen       total 127488K, used 127433K [0x00000006c0000000, 0x00000006c7c80000, 0x000000076ab00000)
  object space 127488K, 99% used [0x00000006c0000000,0x00000006c7c72790,0x00000006c7c80000)
 Metaspace       used 33495K, capacity 34107K, committed 34304K, reserved 1079296K
  class space    used 4431K, capacity 4588K, committed 4608K, reserved 1048576K
}
Event: 24146.299 GC heap before
{Heap before GC invocations=5945 (full 5):
 PSYoungGen      total 31232K, used 9323K [0x000000076ab00000, 0x000000076d480000, 0x00000007c0000000)
  eden space 21504K, 0% used [0x000000076ab00000,0x000000076ab00000,0x000000076c000000)
  from space 9728K, 95% used [0x000000076ca00000,0x000000076d31afd0,0x000000076d380000)
  to   space 10240K, 0% used [0x000000076c000000,0x000000076c000000,0x000000076ca00000)
 ParOldGen       total 127488K, used 127433K [0x00000006c0000000, 0x00000006c7c80000, 0x000000076ab00000)
  object space 127488K, 99% used [0x00000006c0000000,0x00000006c7c72790,0x00000006c7c80000)
 Metaspace       used 33495K, capacity 34107K, committed 34304K, reserved 1079296K
  class space    used 4431K, capacity 4588K, committed 4608K, reserved 1048576K
Event: 24146.461 GC heap after
Heap after GC invocations=5945 (full 5):
 PSYoungGen      total 31232K, used 0K [0x000000076ab00000, 0x000000076d480000, 0x00000007c0000000)
  eden space 21504K, 0% used [0x000000076ab00000,0x000000076ab00000,0x000000076c000000)
  from space 9728K, 0% used [0x000000076ca00000,0x000000076ca00000,0x000000076d380000)
  to   space 10240K, 0% used [0x000000076c000000,0x000000076c000000,0x000000076ca00000)
 ParOldGen       total 121344K, used 53855K [0x00000006c0000000, 0x00000006c7680000, 0x000000076ab00000)
  object space 121344K, 44% used [0x00000006c0000000,0x00000006c3497cd0,0x00000006c7680000)
 Metaspace       used 33461K, capacity 34053K, committed 34304K, reserved 1079296K
  class space    used 4424K, capacity 4575K, committed 4608K, reserved 1048576K
}

