# JRE version: Java(TM) SE Runtime Environment (8.0_152-b16) (build 1.8.0_152-b16)
# Java VM: Java HotSpot(TM) 64-Bit Server VM (25.152-b16 mixed mode bsd-amd64 compressed oops)
Heap:
 PSYoungGen      total 34816K, used 1377K [0x000000076ab00000, 0x000000076d680000, 0x00000007c0000000)
  eden space 25088K, 5% used [0x000000076ab00000,0x000000076ac58468,0x000000076c380000)
  from space 9728K, 0% used [0x000000076cd00000,0x000000076cd00000,0x000000076d680000)
  to   space 9728K, 0% used [0x000000076c380000,0x000000076c380000,0x000000076cd00000)
 ParOldGen       total 118784K, used 61912K [0x00000006c0000000, 0x00000006c7400000, 0x000000076ab00000)
  object space 118784K, 52% used [0x00000006c0000000,0x00000006c3c76128,0x00000006c7400000)
 Metaspace       used 31133K, capacity 31667K, committed 32128K, reserved 1077248K
  class space    used 4239K, capacity 4380K, committed 4480K, reserved 1048576K
GC Heap History (10 events):
Event: 12990.051 GC heap before
{Heap before GC invocations=2984 (full 7):
 PSYoungGen      total 34816K, used 33764K [0x000000076ab00000, 0x000000076d680000, 0x00000007c0000000)
  eden space 25088K, 100% used [0x000000076ab00000,0x000000076c380000,0x000000076c380000)
  from space 9728K, 89% used [0x000000076cd00000,0x000000076d579130,0x000000076d680000)
  to   space 9728K, 0% used [0x000000076c380000,0x000000076c380000,0x000000076cd00000)
 ParOldGen       total 137728K, used 137623K [0x00000006c0000000, 0x00000006c8680000, 0x000000076ab00000)
  object space 137728K, 99% used [0x00000006c0000000,0x00000006c8665e38,0x00000006c8680000)
 Metaspace       used 31132K, capacity 31667K, committed 32128K, reserved 1077248K
  class space    used 4239K, capacity 4380K, committed 4480K, reserved 1048576K
Event: 12990.060 GC heap after
Heap after GC invocations=2984 (full 7):
 PSYoungGen      total 34816K, used 8878K [0x000000076ab00000, 0x000000076d680000, 0x00000007c0000000)
  eden space 25088K, 0% used [0x000000076ab00000,0x000000076ab00000,0x000000076c380000)
  from space 9728K, 91% used [0x000000076c380000,0x000000076cc2bab0,0x000000076cd00000)
  to   space 9728K, 0% used [0x000000076cd00000,0x000000076cd00000,0x000000076d680000)
 ParOldGen       total 137728K, used 137631K [0x00000006c0000000, 0x00000006c8680000, 0x000000076ab00000)
  object space 137728K, 99% used [0x00000006c0000000,0x00000006c8667e38,0x00000006c8680000)
 Metaspace       used 31132K, capacity 31667K, committed 32128K, reserved 1077248K
  class space    used 4239K, capacity 4380K, committed 4480K, reserved 1048576K
}
Event: 12991.154 GC heap before
{Heap before GC invocations=2985 (full 7):
 PSYoungGen      total 34816K, used 33966K [0x000000076ab00000, 0x000000076d680000, 0x00000007c0000000)
  eden space 25088K, 100% used [0x000000076ab00000,0x000000076c380000,0x000000076c380000)
  from space 9728K, 91% used [0x000000076c380000,0x000000076cc2bab0,0x000000076cd00000)
  to   space 9728K, 0% used [0x000000076cd00000,0x000000076cd00000,0x000000076d680000)
 ParOldGen       total 137728K, used 137631K [0x00000006c0000000, 0x00000006c8680000, 0x000000076ab00000)
  object space 137728K, 99% used [0x00000006c0000000,0x00000006c8667e38,0x00000006c8680000)
 Metaspace       used 31132K, capacity 31667K, committed 32128K, reserved 1077248K
  class space    used 4239K, capacity 4380K, committed 4480K, reserved 1048576K
Event: 12991.160 GC heap after
Heap after GC invocations=2985 (full 7):
 PSYoungGen      total 34816K, used 9301K [0x000000076ab00000, 0x000000076d680000, 0x00000007c0000000)
  eden space 25088K, 0% used [0x000000076ab00000,0x000000076ab00000,0x000000076c380000)
  from space 9728K, 95% used [0x000000076cd00000,0x000000076d615550,0x000000076d680000)
  to   space 9728K, 0% used [0x000000076c380000,0x000000076c380000,0x000000076cd00000)
 ParOldGen       total 137728K, used 137639K [0x00000006c0000000, 0x00000006c8680000, 0x000000076ab00000)
  object space 137728K, 99% used [0x00000006c0000000,0x00000006c8669e38,0x00000006c8680000)
 Metaspace       used 31132K, capacity 31667K, committed 32128K, reserved 1077248K
  class space    used 4239K, capacity 4380K, committed 4480K, reserved 1048576K
}
Event: 12992.277 GC heap before
{Heap before GC invocations=2986 (full 7):
 PSYoungGen      total 34816K, used 34389K [0x000000076ab00000, 0x000000076d680000, 0x00000007c0000000)
  eden space 25088K, 100% used [0x000000076ab00000,0x000000076c380000,0x000000076c380000)
  from space 9728K, 95% used [0x000000076cd00000,0x000000076d615550,0x000000076d680000)
  to   space 9728K, 0% used [0x000000076c380000,0x000000076c380000,0x000000076cd00000)
 ParOldGen       total 137728K, used 137639K [0x00000006c0000000, 0x00000006c8680000, 0x000000076ab00000)
  object space 137728K, 99% used [0x00000006c0000000,0x00000006c8669e38,0x00000006c8680000)
 Metaspace       used 31132K, capacity 31667K, committed 32128K, reserved 1077248K
  class space    used 4239K, capacity 4380K, committed 4480K, reserved 1048576K
Event: 12992.284 GC heap after
Heap after GC invocations=2986 (full 7):
 PSYoungGen      total 34816K, used 8988K [0x000000076ab00000, 0x000000076d680000, 0x00000007c0000000)
  eden space 25088K, 0% used [0x000000076ab00000,0x000000076ab00000,0x000000076c380000)
  from space 9728K, 92% used [0x000000076c380000,0x000000076cc47340,0x000000076cd00000)
  to   space 9728K, 0% used [0x000000076cd00000,0x000000076cd00000,0x000000076d680000)
 ParOldGen       total 137728K, used 137671K [0x00000006c0000000, 0x00000006c8680000, 0x000000076ab00000)
  object space 137728K, 99% used [0x00000006c0000000,0x00000006c8671e38,0x00000006c8680000)
 Metaspace       used 31132K, capacity 31667K, committed 32128K, reserved 1077248K
  class space    used 4239K, capacity 4380K, committed 4480K, reserved 1048576K
}
Event: 12993.374 GC heap before
{Heap before GC invocations=2987 (full 7):
 PSYoungGen      total 34816K, used 33848K [0x000000076ab00000, 0x000000076d680000, 0x00000007c0000000)
  eden space 25088K, 99% used [0x000000076ab00000,0x000000076c347000,0x000000076c380000)
  from space 9728K, 92% used [0x000000076c380000,0x000000076cc47340,0x000000076cd00000)
  to   space 9728K, 0% used [0x000000076cd00000,0x000000076cd00000,0x000000076d680000)
 ParOldGen       total 137728K, used 137671K [0x00000006c0000000, 0x00000006c8680000, 0x000000076ab00000)
  object space 137728K, 99% used [0x00000006c0000000,0x00000006c8671e38,0x00000006c8680000)
 Metaspace       used 31132K, capacity 31667K, committed 32128K, reserved 1077248K
  class space    used 4239K, capacity 4380K, committed 4480K, reserved 1048576K
Event: 12993.380 GC heap after
Heap after GC invocations=2987 (full 7):
 PSYoungGen      total 34816K, used 8676K [0x000000076ab00000, 0x000000076d680000, 0x00000007c0000000)
  eden space 25088K, 0% used [0x000000076ab00000,0x000000076ab00000,0x000000076c380000)
  from space 9728K, 89% used [0x000000076cd00000,0x000000076d579130,0x000000076d680000)
  to   space 9728K, 0% used [0x000000076c380000,0x000000076c380000,0x000000076cd00000)
 ParOldGen       total 137728K, used 137679K [0x00000006c0000000, 0x00000006c8680000, 0x000000076ab00000)
  object space 137728K, 99% used [0x00000006c0000000,0x00000006c8673e38,0x00000006c8680000)
 Metaspace       used 31132K, capacity 31667K, committed 32128K, reserved 1077248K
  class space    used 4239K, capacity 4380K, committed 4480K, reserved 1048576K
}
Event: 12993.380 GC heap before
{Heap before GC invocations=2988 (full 8):
 PSYoungGen      total 34816K, used 8676K [0x000000076ab00000, 0x000000076d680000, 0x00000007c0000000)
  eden space 25088K, 0% used [0x000000076ab00000,0x000000076ab00000,0x000000076c380000)
  from space 9728K, 89% used [0x000000076cd00000,0x000000076d579130,0x000000076d680000)
  to   space 9728K, 0% used [0x000000076c380000,0x000000076c380000,0x000000076cd00000)
 ParOldGen       total 137728K, used 137679K [0x00000006c0000000, 0x00000006c8680000, 0x000000076ab00000)
  object space 137728K, 99% used [0x00000006c0000000,0x00000006c8673e38,0x00000006c8680000)
 Metaspace       used 31132K, capacity 31667K, committed 32128K, reserved 1077248K
  class space    used 4239K, capacity 4380K, committed 4480K, reserved 1048576K
Event: 12993.434 GC heap after
Heap after GC invocations=2988 (full 8):
 PSYoungGen      total 34816K, used 0K [0x000000076ab00000, 0x000000076d680000, 0x00000007c0000000)
  eden space 25088K, 0% used [0x000000076ab00000,0x000000076ab00000,0x000000076c380000)
  from space 9728K, 0% used [0x000000076cd00000,0x000000076cd00000,0x000000076d680000)
  to   space 9728K, 0% used [0x000000076c380000,0x000000076c380000,0x000000076cd00000)
 ParOldGen       total 118784K, used 61912K [0x00000006c0000000, 0x00000006c7400000, 0x000000076ab00000)
  object space 118784K, 52% used [0x00000006c0000000,0x00000006c3c76128,0x00000006c7400000)
 Metaspace       used 31132K, capacity 31667K, committed 32128K, reserved 1077248K
  class space    used 4239K, capacity 4380K, committed 4480K, reserved 1048576K
}

