# JRE version: Java(TM) SE Runtime Environment (8.0_152-b16) (build 1.8.0_152-b16)
# Java VM: Java HotSpot(TM) 64-Bit Server VM (25.152-b16 mixed mode bsd-amd64 compressed oops)
Heap:
 PSYoungGen      total 37376K, used 3030K [0x000000076ab00000, 0x000000076e080000, 0x00000007c0000000)
  eden space 34816K, 8% used [0x000000076ab00000,0x000000076adf58e8,0x000000076cd00000)
  from space 2560K, 0% used [0x000000076de00000,0x000000076de00000,0x000000076e080000)
  to   space 9728K, 0% used [0x000000076cd80000,0x000000076cd80000,0x000000076d700000)
 ParOldGen       total 131072K, used 67972K [0x00000006c0000000, 0x00000006c8000000, 0x000000076ab00000)
  object space 131072K, 51% used [0x00000006c0000000,0x00000006c4261110,0x00000006c8000000)
 Metaspace       used 28010K, capacity 28554K, committed 28800K, reserved 1075200K
  class space    used 3225K, capacity 3375K, committed 3456K, reserved 1048576K
GC Heap History (10 events):
Event: 12169.045 GC heap before
{Heap before GC invocations=3021 (full 4):
 PSYoungGen      total 46080K, used 45418K [0x000000076ab00000, 0x000000076e180000, 0x00000007c0000000)
  eden space 36352K, 100% used [0x000000076ab00000,0x000000076ce80000,0x000000076ce80000)
  from space 9728K, 93% used [0x000000076d800000,0x000000076e0dabd0,0x000000076e180000)
  to   space 9728K, 0% used [0x000000076ce80000,0x000000076ce80000,0x000000076d800000)
 ParOldGen       total 139264K, used 131792K [0x00000006c0000000, 0x00000006c8800000, 0x000000076ab00000)
  object space 139264K, 94% used [0x00000006c0000000,0x00000006c80b42f0,0x00000006c8800000)
 Metaspace       used 28010K, capacity 28554K, committed 28800K, reserved 1075200K
  class space    used 3225K, capacity 3375K, committed 3456K, reserved 1048576K
Event: 12169.084 GC heap after
Heap after GC invocations=3021 (full 4):
 PSYoungGen      total 46080K, used 8097K [0x000000076ab00000, 0x000000076e880000, 0x00000007c0000000)
  eden space 36352K, 0% used [0x000000076ab00000,0x000000076ab00000,0x000000076ce80000)
  from space 9728K, 83% used [0x000000076ce80000,0x000000076d6685a0,0x000000076d800000)
  to   space 9728K, 0% used [0x000000076df00000,0x000000076df00000,0x000000076e880000)
 ParOldGen       total 139264K, used 131800K [0x00000006c0000000, 0x00000006c8800000, 0x000000076ab00000)
  object space 139264K, 94% used [0x00000006c0000000,0x00000006c80b62f0,0x00000006c8800000)
 Metaspace       used 28010K, capacity 28554K, committed 28800K, reserved 1075200K
  class space    used 3225K, capacity 3375K, committed 3456K, reserved 1048576K
}
Event: 12171.633 GC heap before
{Heap before GC invocations=3022 (full 4):
 PSYoungGen      total 46080K, used 44449K [0x000000076ab00000, 0x000000076e880000, 0x00000007c0000000)
  eden space 36352K, 100% used [0x000000076ab00000,0x000000076ce80000,0x000000076ce80000)
  from space 9728K, 83% used [0x000000076ce80000,0x000000076d6685a0,0x000000076d800000)
  to   space 9728K, 0% used [0x000000076df00000,0x000000076df00000,0x000000076e880000)
 ParOldGen       total 139264K, used 131800K [0x00000006c0000000, 0x00000006c8800000, 0x000000076ab00000)
  object space 139264K, 94% used [0x00000006c0000000,0x00000006c80b62f0,0x00000006c8800000)
 Metaspace       used 28010K, capacity 28554K, committed 28800K, reserved 1075200K
  class space    used 3225K, capacity 3375K, committed 3456K, reserved 1048576K
Event: 12171.640 GC heap after
Heap after GC invocations=3022 (full 4):
 PSYoungGen      total 45056K, used 8988K [0x000000076ab00000, 0x000000076e800000, 0x00000007c0000000)
  eden space 35840K, 0% used [0x000000076ab00000,0x000000076ab00000,0x000000076ce00000)
  from space 9216K, 97% used [0x000000076df00000,0x000000076e7c7340,0x000000076e800000)
  to   space 9728K, 0% used [0x000000076d500000,0x000000076d500000,0x000000076de80000)
 ParOldGen       total 139264K, used 131808K [0x00000006c0000000, 0x00000006c8800000, 0x000000076ab00000)
  object space 139264K, 94% used [0x00000006c0000000,0x00000006c80b82f0,0x00000006c8800000)
 Metaspace       used 28010K, capacity 28554K, committed 28800K, reserved 1075200K
  class space    used 3225K, capacity 3375K, committed 3456K, reserved 1048576K
}
Event: 12173.316 GC heap before
{Heap before GC invocations=3023 (full 4):
 PSYoungGen      total 45056K, used 44771K [0x000000076ab00000, 0x000000076e800000, 0x00000007c0000000)
  eden space 35840K, 99% used [0x000000076ab00000,0x000000076cdf1b08,0x000000076ce00000)
  from space 9216K, 97% used [0x000000076df00000,0x000000076e7c7340,0x000000076e800000)
  to   space 9728K, 0% used [0x000000076d500000,0x000000076d500000,0x000000076de80000)
 ParOldGen       total 139264K, used 131808K [0x00000006c0000000, 0x00000006c8800000, 0x000000076ab00000)
  object space 139264K, 94% used [0x00000006c0000000,0x00000006c80b82f0,0x00000006c8800000)
 Metaspace       used 28010K, capacity 28554K, committed 28800K, reserved 1075200K
  class space    used 3225K, capacity 3375K, committed 3456K, reserved 1048576K
Event: 12173.328 GC heap after
Heap after GC invocations=3023 (full 4):
 PSYoungGen      total 44544K, used 8910K [0x000000076ab00000, 0x000000076e080000, 0x00000007c0000000)
  eden space 35328K, 0% used [0x000000076ab00000,0x000000076ab00000,0x000000076cd80000)
  from space 9216K, 96% used [0x000000076d500000,0x000000076ddb3ab0,0x000000076de00000)
  to   space 2560K, 0% used [0x000000076de00000,0x000000076de00000,0x000000076e080000)
 ParOldGen       total 139264K, used 131816K [0x00000006c0000000, 0x00000006c8800000, 0x000000076ab00000)
  object space 139264K, 94% used [0x00000006c0000000,0x00000006c80ba2f0,0x00000006c8800000)
 Metaspace       used 28010K, capacity 28554K, committed 28800K, reserved 1075200K
  class space    used 3225K, capacity 3375K, committed 3456K, reserved 1048576K
}
Event: 12174.955 GC heap before
{Heap before GC invocations=3024 (full 4):
 PSYoungGen      total 44544K, used 43962K [0x000000076ab00000, 0x000000076e080000, 0x00000007c0000000)
  eden space 35328K, 99% used [0x000000076ab00000,0x000000076cd3ae78,0x000000076cd80000)
  from space 9216K, 96% used [0x000000076d500000,0x000000076ddb3ab0,0x000000076de00000)
  to   space 2560K, 0% used [0x000000076de00000,0x000000076de00000,0x000000076e080000)
 ParOldGen       total 139264K, used 131816K [0x00000006c0000000, 0x00000006c8800000, 0x000000076ab00000)
  object space 139264K, 94% used [0x00000006c0000000,0x00000006c80ba2f0,0x00000006c8800000)
 Metaspace       used 28010K, capacity 28554K, committed 28800K, reserved 1075200K
  class space    used 3225K, capacity 3375K, committed 3456K, reserved 1048576K
Event: 12174.966 GC heap after
Heap after GC invocations=3024 (full 4):
 PSYoungGen      total 37376K, used 2550K [0x000000076ab00000, 0x000000076e080000, 0x00000007c0000000)
  eden space 34816K, 0% used [0x000000076ab00000,0x000000076ab00000,0x000000076cd00000)
  from space 2560K, 99% used [0x000000076de00000,0x000000076e07d850,0x000000076e080000)
  to   space 9728K, 0% used [0x000000076cd80000,0x000000076cd80000,0x000000076d700000)
 ParOldGen       total 139264K, used 137926K [0x00000006c0000000, 0x00000006c8800000, 0x000000076ab00000)
  object space 139264K, 99% used [0x00000006c0000000,0x00000006c86b1bd0,0x00000006c8800000)
 Metaspace       used 28010K, capacity 28554K, committed 28800K, reserved 1075200K
  class space    used 3225K, capacity 3375K, committed 3456K, reserved 1048576K
}
Event: 12174.970 GC heap before
{Heap before GC invocations=3025 (full 5):
 PSYoungGen      total 37376K, used 2550K [0x000000076ab00000, 0x000000076e080000, 0x00000007c0000000)
  eden space 34816K, 0% used [0x000000076ab00000,0x000000076ab00000,0x000000076cd00000)
  from space 2560K, 99% used [0x000000076de00000,0x000000076e07d850,0x000000076e080000)
  to   space 9728K, 0% used [0x000000076cd80000,0x000000076cd80000,0x000000076d700000)
 ParOldGen       total 139264K, used 137926K [0x00000006c0000000, 0x00000006c8800000, 0x000000076ab00000)
  object space 139264K, 99% used [0x00000006c0000000,0x00000006c86b1bd0,0x00000006c8800000)
 Metaspace       used 28010K, capacity 28554K, committed 28800K, reserved 1075200K
  class space    used 3225K, capacity 3375K, committed 3456K, reserved 1048576K
Event: 12175.453 GC heap after
Heap after GC invocations=3025 (full 5):
 PSYoungGen      total 37376K, used 0K [0x000000076ab00000, 0x000000076e080000, 0x00000007c0000000)
  eden space 34816K, 0% used [0x000000076ab00000,0x000000076ab00000,0x000000076cd00000)
  from space 2560K, 0% used [0x000000076de00000,0x000000076de00000,0x000000076e080000)
  to   space 9728K, 0% used [0x000000076cd80000,0x000000076cd80000,0x000000076d700000)
 ParOldGen       total 131072K, used 67972K [0x00000006c0000000, 0x00000006c8000000, 0x000000076ab00000)
  object space 131072K, 51% used [0x00000006c0000000,0x00000006c4261110,0x00000006c8000000)
 Metaspace       used 28010K, capacity 28554K, committed 28800K, reserved 1075200K
  class space    used 3225K, capacity 3375K, committed 3456K, reserved 1048576K
}

